{"/Users/chris/dev/nog/nog/config.js":{"path":"/Users/chris/dev/nog/nog/config.js","s":{"1":1,"2":1,"3":1,"4":1,"5":1,"6":1,"7":1,"8":1,"9":4,"10":4,"11":4,"12":4,"13":4,"14":4,"15":4,"16":4,"17":4,"18":4,"19":4,"20":2,"21":2,"22":2,"23":1,"24":1,"25":1,"26":4,"27":4,"28":4,"29":4,"30":4,"31":1,"32":328,"33":328,"34":328,"35":1312,"36":53,"37":40,"38":40,"39":13,"40":1259,"41":328,"42":984,"43":2952,"44":2952,"45":117,"46":90,"47":90,"48":27,"49":2835,"50":328,"51":984,"52":24,"53":18,"54":18,"55":6,"56":960,"57":328,"58":656,"59":28,"60":24,"61":24,"62":4,"63":628,"64":328,"65":15,"66":15,"67":8,"68":7,"69":7,"70":6,"71":4,"72":15,"73":12,"74":12,"75":3,"76":313,"77":328,"78":656,"79":28,"80":28,"81":22,"82":22,"83":6,"84":628,"85":328,"86":12,"87":10,"88":10,"89":2,"90":316,"91":328,"92":15,"93":15,"94":8,"95":7,"96":7,"97":2,"98":15,"99":5,"100":10,"101":10,"102":313,"103":328,"104":9,"105":9,"106":7,"107":2,"108":4,"109":1,"110":9,"111":1,"112":8,"113":8,"114":319,"115":328},"b":{"1":[2,2],"2":[1,1],"3":[53,1259],"4":[40,13],"5":[53,21],"6":[117,2835],"7":[90,27],"8":[117,45],"9":[24,960],"10":[18,6],"11":[28,628],"12":[24,4],"13":[28,12],"14":[15,313],"15":[8,7],"16":[6,1],"17":[4,2],"18":[12,3],"19":[28,628],"20":[22,6],"21":[28,10],"22":[12,316],"23":[10,2],"24":[12,4],"25":[15,313],"26":[8,7],"27":[2,5],"28":[5,10],"29":[9,319],"30":[7,2],"31":[1,3],"32":[1,8]},"f":{"1":4,"2":4,"3":4,"4":4,"5":4,"6":4,"7":328,"8":1312,"9":984,"10":2952,"11":984,"12":656,"13":656,"14":4},"fnMap":{"1":{"name":"(anonymous_1)","line":11,"loc":{"start":{"line":11,"column":33},"end":{"line":11,"column":68}}},"2":{"name":"(anonymous_2)","line":18,"loc":{"start":{"line":18,"column":12},"end":{"line":18,"column":30}}},"3":{"name":"(anonymous_3)","line":20,"loc":{"start":{"line":20,"column":41},"end":{"line":20,"column":62}}},"4":{"name":"(anonymous_4)","line":25,"loc":{"start":{"line":25,"column":12},"end":{"line":25,"column":30}}},"5":{"name":"(anonymous_5)","line":27,"loc":{"start":{"line":27,"column":41},"end":{"line":27,"column":62}}},"6":{"name":"(anonymous_6)","line":44,"loc":{"start":{"line":44,"column":8},"end":{"line":44,"column":21}}},"7":{"name":"(anonymous_7)","line":56,"loc":{"start":{"line":56,"column":49},"end":{"line":56,"column":79}}},"8":{"name":"(anonymous_8)","line":61,"loc":{"start":{"line":61,"column":80},"end":{"line":61,"column":93}}},"9":{"name":"(anonymous_9)","line":76,"loc":{"start":{"line":76,"column":37},"end":{"line":76,"column":55}}},"10":{"name":"(anonymous_10)","line":77,"loc":{"start":{"line":77,"column":42},"end":{"line":77,"column":63}}},"11":{"name":"(anonymous_11)","line":93,"loc":{"start":{"line":93,"column":91},"end":{"line":93,"column":104}}},"12":{"name":"(anonymous_12)","line":107,"loc":{"start":{"line":107,"column":56},"end":{"line":107,"column":69}}},"13":{"name":"(anonymous_13)","line":146,"loc":{"start":{"line":146,"column":58},"end":{"line":146,"column":71}}},"14":{"name":"(anonymous_14)","line":199,"loc":{"start":{"line":199,"column":44},"end":{"line":199,"column":57}}}},"statementMap":{"1":{"start":{"line":1,"column":0},"end":{"line":1,"column":44}},"2":{"start":{"line":2,"column":0},"end":{"line":2,"column":26}},"3":{"start":{"line":3,"column":0},"end":{"line":3,"column":26}},"4":{"start":{"line":4,"column":0},"end":{"line":4,"column":27}},"5":{"start":{"line":5,"column":0},"end":{"line":5,"column":29}},"6":{"start":{"line":6,"column":0},"end":{"line":6,"column":29}},"7":{"start":{"line":9,"column":0},"end":{"line":9,"column":31}},"8":{"start":{"line":11,"column":0},"end":{"line":54,"column":2}},"9":{"start":{"line":12,"column":4},"end":{"line":12,"column":17}},"10":{"start":{"line":13,"column":4},"end":{"line":13,"column":13}},"11":{"start":{"line":14,"column":4},"end":{"line":14,"column":18}},"12":{"start":{"line":16,"column":4},"end":{"line":53,"column":5}},"13":{"start":{"line":19,"column":16},"end":{"line":19,"column":88}},"14":{"start":{"line":20,"column":16},"end":{"line":23,"column":19}},"15":{"start":{"line":21,"column":20},"end":{"line":21,"column":38}},"16":{"start":{"line":22,"column":20},"end":{"line":22,"column":34}},"17":{"start":{"line":26,"column":16},"end":{"line":26,"column":82}},"18":{"start":{"line":27,"column":16},"end":{"line":41,"column":19}},"19":{"start":{"line":28,"column":20},"end":{"line":38,"column":21}},"20":{"start":{"line":29,"column":24},"end":{"line":29,"column":34}},"21":{"start":{"line":30,"column":24},"end":{"line":30,"column":129}},"22":{"start":{"line":32,"column":24},"end":{"line":37,"column":25}},"23":{"start":{"line":33,"column":28},"end":{"line":33,"column":38}},"24":{"start":{"line":34,"column":28},"end":{"line":34,"column":153}},"25":{"start":{"line":36,"column":28},"end":{"line":36,"column":42}},"26":{"start":{"line":40,"column":20},"end":{"line":40,"column":35}},"27":{"start":{"line":45,"column":12},"end":{"line":45,"column":60}},"28":{"start":{"line":46,"column":12},"end":{"line":46,"column":33}},"29":{"start":{"line":47,"column":12},"end":{"line":50,"column":14}},"30":{"start":{"line":51,"column":12},"end":{"line":51,"column":34}},"31":{"start":{"line":56,"column":0},"end":{"line":217,"column":2}},"32":{"start":{"line":57,"column":4},"end":{"line":57,"column":20}},"33":{"start":{"line":58,"column":4},"end":{"line":58,"column":14}},"34":{"start":{"line":61,"column":4},"end":{"line":72,"column":7}},"35":{"start":{"line":62,"column":8},"end":{"line":71,"column":9}},"36":{"start":{"line":63,"column":12},"end":{"line":68,"column":13}},"37":{"start":{"line":64,"column":16},"end":{"line":64,"column":97}},"38":{"start":{"line":65,"column":16},"end":{"line":65,"column":44}},"39":{"start":{"line":67,"column":16},"end":{"line":67,"column":47}},"40":{"start":{"line":70,"column":12},"end":{"line":70,"column":40}},"41":{"start":{"line":76,"column":4},"end":{"line":90,"column":7}},"42":{"start":{"line":77,"column":8},"end":{"line":89,"column":10}},"43":{"start":{"line":78,"column":12},"end":{"line":78,"column":77}},"44":{"start":{"line":79,"column":12},"end":{"line":88,"column":13}},"45":{"start":{"line":80,"column":16},"end":{"line":85,"column":17}},"46":{"start":{"line":81,"column":20},"end":{"line":81,"column":101}},"47":{"start":{"line":82,"column":20},"end":{"line":82,"column":48}},"48":{"start":{"line":84,"column":20},"end":{"line":84,"column":51}},"49":{"start":{"line":87,"column":16},"end":{"line":87,"column":44}},"50":{"start":{"line":93,"column":4},"end":{"line":104,"column":7}},"51":{"start":{"line":94,"column":8},"end":{"line":103,"column":9}},"52":{"start":{"line":95,"column":12},"end":{"line":100,"column":13}},"53":{"start":{"line":96,"column":16},"end":{"line":96,"column":97}},"54":{"start":{"line":97,"column":16},"end":{"line":97,"column":44}},"55":{"start":{"line":99,"column":16},"end":{"line":99,"column":40}},"56":{"start":{"line":102,"column":12},"end":{"line":102,"column":40}},"57":{"start":{"line":107,"column":4},"end":{"line":118,"column":7}},"58":{"start":{"line":108,"column":8},"end":{"line":117,"column":9}},"59":{"start":{"line":109,"column":12},"end":{"line":114,"column":13}},"60":{"start":{"line":110,"column":16},"end":{"line":110,"column":96}},"61":{"start":{"line":111,"column":16},"end":{"line":111,"column":44}},"62":{"start":{"line":113,"column":16},"end":{"line":113,"column":47}},"63":{"start":{"line":116,"column":12},"end":{"line":116,"column":40}},"64":{"start":{"line":120,"column":4},"end":{"line":140,"column":5}},"65":{"start":{"line":121,"column":8},"end":{"line":121,"column":21}},"66":{"start":{"line":122,"column":8},"end":{"line":131,"column":9}},"67":{"start":{"line":123,"column":12},"end":{"line":123,"column":26}},"68":{"start":{"line":125,"column":12},"end":{"line":125,"column":69}},"69":{"start":{"line":126,"column":12},"end":{"line":130,"column":13}},"70":{"start":{"line":127,"column":16},"end":{"line":129,"column":17}},"71":{"start":{"line":128,"column":20},"end":{"line":128,"column":34}},"72":{"start":{"line":132,"column":8},"end":{"line":137,"column":9}},"73":{"start":{"line":133,"column":12},"end":{"line":133,"column":131}},"74":{"start":{"line":134,"column":12},"end":{"line":134,"column":68}},"75":{"start":{"line":136,"column":12},"end":{"line":136,"column":64}},"76":{"start":{"line":139,"column":8},"end":{"line":139,"column":64}},"77":{"start":{"line":146,"column":4},"end":{"line":158,"column":7}},"78":{"start":{"line":147,"column":8},"end":{"line":157,"column":9}},"79":{"start":{"line":148,"column":12},"end":{"line":148,"column":42}},"80":{"start":{"line":149,"column":12},"end":{"line":154,"column":13}},"81":{"start":{"line":150,"column":16},"end":{"line":150,"column":96}},"82":{"start":{"line":151,"column":16},"end":{"line":151,"column":44}},"83":{"start":{"line":153,"column":16},"end":{"line":153,"column":34}},"84":{"start":{"line":156,"column":12},"end":{"line":156,"column":40}},"85":{"start":{"line":161,"column":4},"end":{"line":170,"column":5}},"86":{"start":{"line":162,"column":8},"end":{"line":167,"column":9}},"87":{"start":{"line":163,"column":12},"end":{"line":163,"column":86}},"88":{"start":{"line":164,"column":12},"end":{"line":164,"column":38}},"89":{"start":{"line":166,"column":12},"end":{"line":166,"column":59}},"90":{"start":{"line":169,"column":8},"end":{"line":169,"column":34}},"91":{"start":{"line":173,"column":4},"end":{"line":191,"column":5}},"92":{"start":{"line":174,"column":8},"end":{"line":174,"column":22}},"93":{"start":{"line":175,"column":8},"end":{"line":182,"column":9}},"94":{"start":{"line":176,"column":12},"end":{"line":176,"column":26}},"95":{"start":{"line":178,"column":12},"end":{"line":178,"column":68}},"96":{"start":{"line":179,"column":12},"end":{"line":181,"column":13}},"97":{"start":{"line":180,"column":16},"end":{"line":180,"column":30}},"98":{"start":{"line":183,"column":8},"end":{"line":188,"column":9}},"99":{"start":{"line":184,"column":12},"end":{"line":184,"column":40}},"100":{"start":{"line":186,"column":12},"end":{"line":186,"column":95}},"101":{"start":{"line":187,"column":12},"end":{"line":187,"column":44}},"102":{"start":{"line":190,"column":8},"end":{"line":190,"column":40}},"103":{"start":{"line":194,"column":4},"end":{"line":213,"column":5}},"104":{"start":{"line":195,"column":8},"end":{"line":195,"column":22}},"105":{"start":{"line":196,"column":8},"end":{"line":204,"column":9}},"106":{"start":{"line":197,"column":12},"end":{"line":197,"column":26}},"107":{"start":{"line":199,"column":12},"end":{"line":203,"column":15}},"108":{"start":{"line":200,"column":16},"end":{"line":202,"column":17}},"109":{"start":{"line":201,"column":20},"end":{"line":201,"column":34}},"110":{"start":{"line":205,"column":8},"end":{"line":210,"column":9}},"111":{"start":{"line":206,"column":12},"end":{"line":206,"column":64}},"112":{"start":{"line":208,"column":12},"end":{"line":208,"column":131}},"113":{"start":{"line":209,"column":12},"end":{"line":209,"column":68}},"114":{"start":{"line":212,"column":8},"end":{"line":212,"column":64}},"115":{"start":{"line":215,"column":4},"end":{"line":215,"column":18}}},"branchMap":{"1":{"line":28,"type":"if","locations":[{"start":{"line":28,"column":20},"end":{"line":28,"column":20}},{"start":{"line":28,"column":20},"end":{"line":28,"column":20}}]},"2":{"line":32,"type":"if","locations":[{"start":{"line":32,"column":24},"end":{"line":32,"column":24}},{"start":{"line":32,"column":24},"end":{"line":32,"column":24}}]},"3":{"line":62,"type":"if","locations":[{"start":{"line":62,"column":8},"end":{"line":62,"column":8}},{"start":{"line":62,"column":8},"end":{"line":62,"column":8}}]},"4":{"line":63,"type":"if","locations":[{"start":{"line":63,"column":12},"end":{"line":63,"column":12}},{"start":{"line":63,"column":12},"end":{"line":63,"column":12}}]},"5":{"line":63,"type":"binary-expr","locations":[{"start":{"line":63,"column":16},"end":{"line":63,"column":38}},{"start":{"line":63,"column":42},"end":{"line":63,"column":71}}]},"6":{"line":79,"type":"if","locations":[{"start":{"line":79,"column":12},"end":{"line":79,"column":12}},{"start":{"line":79,"column":12},"end":{"line":79,"column":12}}]},"7":{"line":80,"type":"if","locations":[{"start":{"line":80,"column":16},"end":{"line":80,"column":16}},{"start":{"line":80,"column":16},"end":{"line":80,"column":16}}]},"8":{"line":80,"type":"binary-expr","locations":[{"start":{"line":80,"column":20},"end":{"line":80,"column":42}},{"start":{"line":80,"column":46},"end":{"line":80,"column":75}}]},"9":{"line":94,"type":"if","locations":[{"start":{"line":94,"column":8},"end":{"line":94,"column":8}},{"start":{"line":94,"column":8},"end":{"line":94,"column":8}}]},"10":{"line":95,"type":"if","locations":[{"start":{"line":95,"column":12},"end":{"line":95,"column":12}},{"start":{"line":95,"column":12},"end":{"line":95,"column":12}}]},"11":{"line":108,"type":"if","locations":[{"start":{"line":108,"column":8},"end":{"line":108,"column":8}},{"start":{"line":108,"column":8},"end":{"line":108,"column":8}}]},"12":{"line":109,"type":"if","locations":[{"start":{"line":109,"column":12},"end":{"line":109,"column":12}},{"start":{"line":109,"column":12},"end":{"line":109,"column":12}}]},"13":{"line":109,"type":"binary-expr","locations":[{"start":{"line":109,"column":16},"end":{"line":109,"column":38}},{"start":{"line":109,"column":42},"end":{"line":109,"column":74}}]},"14":{"line":120,"type":"if","locations":[{"start":{"line":120,"column":4},"end":{"line":120,"column":4}},{"start":{"line":120,"column":4},"end":{"line":120,"column":4}}]},"15":{"line":122,"type":"if","locations":[{"start":{"line":122,"column":8},"end":{"line":122,"column":8}},{"start":{"line":122,"column":8},"end":{"line":122,"column":8}}]},"16":{"line":126,"type":"if","locations":[{"start":{"line":126,"column":12},"end":{"line":126,"column":12}},{"start":{"line":126,"column":12},"end":{"line":126,"column":12}}]},"17":{"line":127,"type":"if","locations":[{"start":{"line":127,"column":16},"end":{"line":127,"column":16}},{"start":{"line":127,"column":16},"end":{"line":127,"column":16}}]},"18":{"line":132,"type":"if","locations":[{"start":{"line":132,"column":8},"end":{"line":132,"column":8}},{"start":{"line":132,"column":8},"end":{"line":132,"column":8}}]},"19":{"line":147,"type":"if","locations":[{"start":{"line":147,"column":8},"end":{"line":147,"column":8}},{"start":{"line":147,"column":8},"end":{"line":147,"column":8}}]},"20":{"line":149,"type":"if","locations":[{"start":{"line":149,"column":12},"end":{"line":149,"column":12}},{"start":{"line":149,"column":12},"end":{"line":149,"column":12}}]},"21":{"line":149,"type":"binary-expr","locations":[{"start":{"line":149,"column":16},"end":{"line":149,"column":26}},{"start":{"line":149,"column":30},"end":{"line":149,"column":37}}]},"22":{"line":161,"type":"if","locations":[{"start":{"line":161,"column":4},"end":{"line":161,"column":4}},{"start":{"line":161,"column":4},"end":{"line":161,"column":4}}]},"23":{"line":162,"type":"if","locations":[{"start":{"line":162,"column":8},"end":{"line":162,"column":8}},{"start":{"line":162,"column":8},"end":{"line":162,"column":8}}]},"24":{"line":162,"type":"binary-expr","locations":[{"start":{"line":162,"column":12},"end":{"line":162,"column":33}},{"start":{"line":162,"column":37},"end":{"line":162,"column":75}}]},"25":{"line":173,"type":"if","locations":[{"start":{"line":173,"column":4},"end":{"line":173,"column":4}},{"start":{"line":173,"column":4},"end":{"line":173,"column":4}}]},"26":{"line":175,"type":"if","locations":[{"start":{"line":175,"column":8},"end":{"line":175,"column":8}},{"start":{"line":175,"column":8},"end":{"line":175,"column":8}}]},"27":{"line":179,"type":"if","locations":[{"start":{"line":179,"column":12},"end":{"line":179,"column":12}},{"start":{"line":179,"column":12},"end":{"line":179,"column":12}}]},"28":{"line":183,"type":"if","locations":[{"start":{"line":183,"column":8},"end":{"line":183,"column":8}},{"start":{"line":183,"column":8},"end":{"line":183,"column":8}}]},"29":{"line":194,"type":"if","locations":[{"start":{"line":194,"column":4},"end":{"line":194,"column":4}},{"start":{"line":194,"column":4},"end":{"line":194,"column":4}}]},"30":{"line":196,"type":"if","locations":[{"start":{"line":196,"column":8},"end":{"line":196,"column":8}},{"start":{"line":196,"column":8},"end":{"line":196,"column":8}}]},"31":{"line":200,"type":"if","locations":[{"start":{"line":200,"column":16},"end":{"line":200,"column":16}},{"start":{"line":200,"column":16},"end":{"line":200,"column":16}}]},"32":{"line":205,"type":"if","locations":[{"start":{"line":205,"column":8},"end":{"line":205,"column":8}},{"start":{"line":205,"column":8},"end":{"line":205,"column":8}}]}}},"/Users/chris/dev/nog/nog/utils.js":{"path":"/Users/chris/dev/nog/nog/utils.js","s":{"1":1,"2":43,"3":43,"4":43,"5":7,"6":36,"7":3,"8":33,"9":15,"10":18,"11":1,"12":17,"13":5,"14":12,"15":1,"16":11},"b":{"1":[7,36],"2":[3,33],"3":[15,18],"4":[1,17],"5":[5,12],"6":[1,11]},"f":{"1":43},"fnMap":{"1":{"name":"(anonymous_1)","line":1,"loc":{"start":{"line":1,"column":31},"end":{"line":1,"column":45}}}},"statementMap":{"1":{"start":{"line":1,"column":0},"end":{"line":12,"column":2}},"2":{"start":{"line":3,"column":4},"end":{"line":3,"column":30}},"3":{"start":{"line":4,"column":4},"end":{"line":4,"column":30}},"4":{"start":{"line":5,"column":4},"end":{"line":5,"column":40}},"5":{"start":{"line":5,"column":27},"end":{"line":5,"column":40}},"6":{"start":{"line":6,"column":4},"end":{"line":6,"column":48}},"7":{"start":{"line":6,"column":35},"end":{"line":6,"column":48}},"8":{"start":{"line":7,"column":4},"end":{"line":7,"column":50}},"9":{"start":{"line":7,"column":37},"end":{"line":7,"column":50}},"10":{"start":{"line":8,"column":4},"end":{"line":8,"column":39}},"11":{"start":{"line":8,"column":26},"end":{"line":8,"column":39}},"12":{"start":{"line":9,"column":4},"end":{"line":9,"column":39}},"13":{"start":{"line":9,"column":26},"end":{"line":9,"column":39}},"14":{"start":{"line":10,"column":4},"end":{"line":10,"column":39}},"15":{"start":{"line":10,"column":26},"end":{"line":10,"column":39}},"16":{"start":{"line":11,"column":4},"end":{"line":11,"column":16}}},"branchMap":{"1":{"line":5,"type":"if","locations":[{"start":{"line":5,"column":4},"end":{"line":5,"column":4}},{"start":{"line":5,"column":4},"end":{"line":5,"column":4}}]},"2":{"line":6,"type":"if","locations":[{"start":{"line":6,"column":4},"end":{"line":6,"column":4}},{"start":{"line":6,"column":4},"end":{"line":6,"column":4}}]},"3":{"line":7,"type":"if","locations":[{"start":{"line":7,"column":4},"end":{"line":7,"column":4}},{"start":{"line":7,"column":4},"end":{"line":7,"column":4}}]},"4":{"line":8,"type":"if","locations":[{"start":{"line":8,"column":4},"end":{"line":8,"column":4}},{"start":{"line":8,"column":4},"end":{"line":8,"column":4}}]},"5":{"line":9,"type":"if","locations":[{"start":{"line":9,"column":4},"end":{"line":9,"column":4}},{"start":{"line":9,"column":4},"end":{"line":9,"column":4}}]},"6":{"line":10,"type":"if","locations":[{"start":{"line":10,"column":4},"end":{"line":10,"column":4}},{"start":{"line":10,"column":4},"end":{"line":10,"column":4}}]}}}}