TN:
SF:/Users/chris/dev/nog/nog/config.js
FN:11,(anonymous_1)
FN:18,(anonymous_2)
FN:20,(anonymous_3)
FN:25,(anonymous_4)
FN:27,(anonymous_5)
FN:44,(anonymous_6)
FN:56,(anonymous_7)
FN:61,(anonymous_8)
FN:76,(anonymous_9)
FN:77,(anonymous_10)
FN:93,(anonymous_11)
FN:107,(anonymous_12)
FN:146,(anonymous_13)
FN:199,(anonymous_14)
FNF:14
FNH:14
FNDA:4,(anonymous_1)
FNDA:4,(anonymous_2)
FNDA:4,(anonymous_3)
FNDA:4,(anonymous_4)
FNDA:4,(anonymous_5)
FNDA:4,(anonymous_6)
FNDA:328,(anonymous_7)
FNDA:1312,(anonymous_8)
FNDA:984,(anonymous_9)
FNDA:2952,(anonymous_10)
FNDA:984,(anonymous_11)
FNDA:656,(anonymous_12)
FNDA:656,(anonymous_13)
FNDA:4,(anonymous_14)
DA:1,1
DA:2,1
DA:3,1
DA:4,1
DA:5,1
DA:6,1
DA:9,1
DA:11,1
DA:12,4
DA:13,4
DA:14,4
DA:16,4
DA:19,4
DA:20,4
DA:21,4
DA:22,4
DA:26,4
DA:27,4
DA:28,4
DA:29,2
DA:30,2
DA:32,2
DA:33,1
DA:34,1
DA:36,1
DA:40,4
DA:45,4
DA:46,4
DA:47,4
DA:51,4
DA:56,1
DA:57,328
DA:58,328
DA:61,328
DA:62,1312
DA:63,53
DA:64,40
DA:65,40
DA:67,13
DA:70,1259
DA:76,328
DA:77,984
DA:78,2952
DA:79,2952
DA:80,117
DA:81,90
DA:82,90
DA:84,27
DA:87,2835
DA:93,328
DA:94,984
DA:95,24
DA:96,18
DA:97,18
DA:99,6
DA:102,960
DA:107,328
DA:108,656
DA:109,28
DA:110,24
DA:111,24
DA:113,4
DA:116,628
DA:120,328
DA:121,15
DA:122,15
DA:123,8
DA:125,7
DA:126,7
DA:127,6
DA:128,4
DA:132,15
DA:133,12
DA:134,12
DA:136,3
DA:139,313
DA:146,328
DA:147,656
DA:148,28
DA:149,28
DA:150,22
DA:151,22
DA:153,6
DA:156,628
DA:161,328
DA:162,12
DA:163,10
DA:164,10
DA:166,2
DA:169,316
DA:173,328
DA:174,15
DA:175,15
DA:176,8
DA:178,7
DA:179,7
DA:180,2
DA:183,15
DA:184,5
DA:186,10
DA:187,10
DA:190,313
DA:194,328
DA:195,9
DA:196,9
DA:197,7
DA:199,2
DA:200,4
DA:201,1
DA:205,9
DA:206,1
DA:208,8
DA:209,8
DA:212,319
DA:215,328
LF:115
LH:115
BRDA:28,1,0,2
BRDA:28,1,1,2
BRDA:32,2,0,1
BRDA:32,2,1,1
BRDA:62,3,0,53
BRDA:62,3,1,1259
BRDA:63,4,0,40
BRDA:63,4,1,13
BRDA:63,5,0,53
BRDA:63,5,1,21
BRDA:79,6,0,117
BRDA:79,6,1,2835
BRDA:80,7,0,90
BRDA:80,7,1,27
BRDA:80,8,0,117
BRDA:80,8,1,45
BRDA:94,9,0,24
BRDA:94,9,1,960
BRDA:95,10,0,18
BRDA:95,10,1,6
BRDA:108,11,0,28
BRDA:108,11,1,628
BRDA:109,12,0,24
BRDA:109,12,1,4
BRDA:109,13,0,28
BRDA:109,13,1,12
BRDA:120,14,0,15
BRDA:120,14,1,313
BRDA:122,15,0,8
BRDA:122,15,1,7
BRDA:126,16,0,6
BRDA:126,16,1,1
BRDA:127,17,0,4
BRDA:127,17,1,2
BRDA:132,18,0,12
BRDA:132,18,1,3
BRDA:147,19,0,28
BRDA:147,19,1,628
BRDA:149,20,0,22
BRDA:149,20,1,6
BRDA:149,21,0,28
BRDA:149,21,1,10
BRDA:161,22,0,12
BRDA:161,22,1,316
BRDA:162,23,0,10
BRDA:162,23,1,2
BRDA:162,24,0,12
BRDA:162,24,1,4
BRDA:173,25,0,15
BRDA:173,25,1,313
BRDA:175,26,0,8
BRDA:175,26,1,7
BRDA:179,27,0,2
BRDA:179,27,1,5
BRDA:183,28,0,5
BRDA:183,28,1,10
BRDA:194,29,0,9
BRDA:194,29,1,319
BRDA:196,30,0,7
BRDA:196,30,1,2
BRDA:200,31,0,1
BRDA:200,31,1,3
BRDA:205,32,0,1
BRDA:205,32,1,8
BRF:64
BRH:64
end_of_record
TN:
SF:/Users/chris/dev/nog/nog/utils.js
FN:1,(anonymous_1)
FNF:1
FNH:1
FNDA:43,(anonymous_1)
DA:1,1
DA:3,43
DA:4,43
DA:5,43
DA:6,36
DA:7,33
DA:8,18
DA:9,17
DA:10,12
DA:11,11
LF:10
LH:10
BRDA:5,1,0,7
BRDA:5,1,1,36
BRDA:6,2,0,3
BRDA:6,2,1,33
BRDA:7,3,0,15
BRDA:7,3,1,18
BRDA:8,4,0,1
BRDA:8,4,1,17
BRDA:9,5,0,5
BRDA:9,5,1,12
BRDA:10,6,0,1
BRDA:10,6,1,11
BRF:12
BRH:12
end_of_record
