{"/Users/chris/dev/nog/src/archives/add_post_to_date_archives.js":{"path":"/Users/chris/dev/nog/src/archives/add_post_to_date_archives.js","s":{"1":1,"2":1,"3":1,"4":1,"5":1,"6":1,"7":1,"8":1,"9":1,"10":1,"11":1,"12":1,"13":1,"14":1,"15":11,"16":11,"17":11,"18":11,"19":11,"20":11,"21":11,"22":11,"23":11,"24":10,"25":11,"26":11,"27":11,"28":11,"29":11,"30":11,"31":10,"32":11,"33":11,"34":11,"35":11,"36":11,"37":11,"38":10,"39":11},"b":{"1":[10,1],"2":[10,1],"3":[10,1]},"f":{"1":11},"fnMap":{"1":{"name":"(anonymous_1)","line":22,"loc":{"start":{"line":22,"column":17},"end":{"line":22,"column":47}}}},"statementMap":{"1":{"start":{"line":2,"column":0},"end":{"line":2,"column":26}},"2":{"start":{"line":3,"column":0},"end":{"line":3,"column":26}},"3":{"start":{"line":4,"column":0},"end":{"line":4,"column":31}},"4":{"start":{"line":5,"column":0},"end":{"line":5,"column":44}},"5":{"start":{"line":7,"column":0},"end":{"line":7,"column":45}},"6":{"start":{"line":9,"column":0},"end":{"line":9,"column":62}},"7":{"start":{"line":10,"column":0},"end":{"line":10,"column":62}},"8":{"start":{"line":12,"column":0},"end":{"line":12,"column":61}},"9":{"start":{"line":13,"column":0},"end":{"line":13,"column":63}},"10":{"start":{"line":14,"column":0},"end":{"line":14,"column":63}},"11":{"start":{"line":15,"column":0},"end":{"line":15,"column":65}},"12":{"start":{"line":16,"column":0},"end":{"line":16,"column":59}},"13":{"start":{"line":17,"column":0},"end":{"line":17,"column":61}},"14":{"start":{"line":22,"column":0},"end":{"line":88,"column":2}},"15":{"start":{"line":23,"column":4},"end":{"line":23,"column":13}},"16":{"start":{"line":24,"column":4},"end":{"line":24,"column":13}},"17":{"start":{"line":25,"column":4},"end":{"line":25,"column":12}},"18":{"start":{"line":26,"column":4},"end":{"line":26,"column":13}},"19":{"start":{"line":28,"column":4},"end":{"line":28,"column":34}},"20":{"start":{"line":29,"column":4},"end":{"line":29,"column":31}},"21":{"start":{"line":30,"column":4},"end":{"line":30,"column":44}},"22":{"start":{"line":31,"column":4},"end":{"line":31,"column":55}},"23":{"start":{"line":32,"column":4},"end":{"line":45,"column":5}},"24":{"start":{"line":34,"column":8},"end":{"line":44,"column":10}},"25":{"start":{"line":46,"column":4},"end":{"line":46,"column":42}},"26":{"start":{"line":48,"column":4},"end":{"line":48,"column":34}},"27":{"start":{"line":49,"column":4},"end":{"line":49,"column":34}},"28":{"start":{"line":50,"column":4},"end":{"line":50,"column":45}},"29":{"start":{"line":51,"column":4},"end":{"line":51,"column":56}},"30":{"start":{"line":52,"column":4},"end":{"line":65,"column":5}},"31":{"start":{"line":54,"column":8},"end":{"line":64,"column":10}},"32":{"start":{"line":66,"column":4},"end":{"line":66,"column":42}},"33":{"start":{"line":68,"column":4},"end":{"line":68,"column":34}},"34":{"start":{"line":69,"column":4},"end":{"line":69,"column":37}},"35":{"start":{"line":70,"column":4},"end":{"line":70,"column":43}},"36":{"start":{"line":71,"column":4},"end":{"line":71,"column":54}},"37":{"start":{"line":72,"column":4},"end":{"line":85,"column":5}},"38":{"start":{"line":74,"column":8},"end":{"line":84,"column":10}},"39":{"start":{"line":86,"column":4},"end":{"line":86,"column":42}}},"branchMap":{"1":{"line":32,"type":"if","locations":[{"start":{"line":32,"column":4},"end":{"line":32,"column":4}},{"start":{"line":32,"column":4},"end":{"line":32,"column":4}}]},"2":{"line":52,"type":"if","locations":[{"start":{"line":52,"column":4},"end":{"line":52,"column":4}},{"start":{"line":52,"column":4},"end":{"line":52,"column":4}}]},"3":{"line":72,"type":"if","locations":[{"start":{"line":72,"column":4},"end":{"line":72,"column":4}},{"start":{"line":72,"column":4},"end":{"line":72,"column":4}}]}}},"/Users/chris/dev/nog/src/atomic/get_date.js":{"path":"/Users/chris/dev/nog/src/atomic/get_date.js","s":{"1":1,"2":1,"3":1,"4":71,"5":71,"6":71,"7":21,"8":50,"9":50,"10":50,"11":1,"12":71},"b":{"1":[21,50],"2":[71,51],"3":[1,49]},"f":{"1":71},"fnMap":{"1":{"name":"(anonymous_1)","line":6,"loc":{"start":{"line":6,"column":17},"end":{"line":6,"column":34}}}},"statementMap":{"1":{"start":{"line":2,"column":0},"end":{"line":2,"column":26}},"2":{"start":{"line":3,"column":0},"end":{"line":3,"column":31}},"3":{"start":{"line":6,"column":0},"end":{"line":20,"column":2}},"4":{"start":{"line":7,"column":4},"end":{"line":7,"column":12}},"5":{"start":{"line":8,"column":4},"end":{"line":8,"column":10}},"6":{"start":{"line":9,"column":4},"end":{"line":18,"column":5}},"7":{"start":{"line":10,"column":8},"end":{"line":10,"column":39}},"8":{"start":{"line":13,"column":8},"end":{"line":13,"column":39}},"9":{"start":{"line":14,"column":8},"end":{"line":14,"column":36}},"10":{"start":{"line":15,"column":8},"end":{"line":17,"column":9}},"11":{"start":{"line":16,"column":12},"end":{"line":16,"column":43}},"12":{"start":{"line":19,"column":4},"end":{"line":19,"column":13}}},"branchMap":{"1":{"line":9,"type":"if","locations":[{"start":{"line":9,"column":4},"end":{"line":9,"column":4}},{"start":{"line":9,"column":4},"end":{"line":9,"column":4}}]},"2":{"line":9,"type":"binary-expr","locations":[{"start":{"line":9,"column":8},"end":{"line":9,"column":36}},{"start":{"line":9,"column":40},"end":{"line":9,"column":70}}]},"3":{"line":15,"type":"if","locations":[{"start":{"line":15,"column":8},"end":{"line":15,"column":8}},{"start":{"line":15,"column":8},"end":{"line":15,"column":8}}]}}},"/Users/chris/dev/nog/src/content/get_relative_url.js":{"path":"/Users/chris/dev/nog/src/content/get_relative_url.js","s":{"1":1,"2":171,"3":2,"4":169},"b":{"1":[2,169]},"f":{"1":171},"fnMap":{"1":{"name":"(anonymous_1)","line":2,"loc":{"start":{"line":2,"column":17},"end":{"line":2,"column":35}}}},"statementMap":{"1":{"start":{"line":2,"column":0},"end":{"line":5,"column":2}},"2":{"start":{"line":3,"column":4},"end":{"line":3,"column":36}},"3":{"start":{"line":3,"column":25},"end":{"line":3,"column":36}},"4":{"start":{"line":4,"column":4},"end":{"line":4,"column":32}}},"branchMap":{"1":{"line":3,"type":"if","locations":[{"start":{"line":3,"column":4},"end":{"line":3,"column":4}},{"start":{"line":3,"column":4},"end":{"line":3,"column":4}}]}}},"/Users/chris/dev/nog/src/content/get_absolute_url.js":{"path":"/Users/chris/dev/nog/src/content/get_absolute_url.js","s":{"1":1,"2":1,"3":85},"b":{},"f":{"1":85},"fnMap":{"1":{"name":"(anonymous_1)","line":3,"loc":{"start":{"line":3,"column":17},"end":{"line":3,"column":41}}}},"statementMap":{"1":{"start":{"line":2,"column":0},"end":{"line":2,"column":53}},"2":{"start":{"line":3,"column":0},"end":{"line":5,"column":2}},"3":{"start":{"line":4,"column":4},"end":{"line":4,"column":49}}},"branchMap":{}},"/Users/chris/dev/nog/src/archives/get_year_archives_id.js":{"path":"/Users/chris/dev/nog/src/archives/get_year_archives_id.js","s":{"1":1,"2":1,"3":1,"4":26,"5":26,"6":26,"7":26},"b":{},"f":{"1":26},"fnMap":{"1":{"name":"(anonymous_1)","line":5,"loc":{"start":{"line":5,"column":17},"end":{"line":5,"column":34}}}},"statementMap":{"1":{"start":{"line":2,"column":0},"end":{"line":2,"column":31}},"2":{"start":{"line":3,"column":0},"end":{"line":3,"column":61}},"3":{"start":{"line":5,"column":0},"end":{"line":10,"column":2}},"4":{"start":{"line":6,"column":4},"end":{"line":6,"column":45}},"5":{"start":{"line":7,"column":4},"end":{"line":7,"column":25}},"6":{"start":{"line":8,"column":4},"end":{"line":8,"column":36}},"7":{"start":{"line":9,"column":4},"end":{"line":9,"column":27}}},"branchMap":{}},"/Users/chris/dev/nog/src/archives/get_main_archives_id.js":{"path":"/Users/chris/dev/nog/src/archives/get_main_archives_id.js","s":{"1":1,"2":199},"b":{},"f":{"1":199},"fnMap":{"1":{"name":"(anonymous_1)","line":3,"loc":{"start":{"line":3,"column":17},"end":{"line":3,"column":31}}}},"statementMap":{"1":{"start":{"line":3,"column":0},"end":{"line":5,"column":2}},"2":{"start":{"line":4,"column":4},"end":{"line":4,"column":42}}},"branchMap":{}},"/Users/chris/dev/nog/src/archives/get_year_archives_uri.js":{"path":"/Users/chris/dev/nog/src/archives/get_year_archives_uri.js","s":{"1":1,"2":1,"3":1,"4":1,"5":14,"6":14,"7":14},"b":{},"f":{"1":14},"fnMap":{"1":{"name":"(anonymous_1)","line":6,"loc":{"start":{"line":6,"column":17},"end":{"line":6,"column":40}}}},"statementMap":{"1":{"start":{"line":2,"column":0},"end":{"line":2,"column":62}},"2":{"start":{"line":3,"column":0},"end":{"line":3,"column":56}},"3":{"start":{"line":4,"column":0},"end":{"line":4,"column":61}},"4":{"start":{"line":6,"column":0},"end":{"line":10,"column":2}},"5":{"start":{"line":7,"column":4},"end":{"line":7,"column":43}},"6":{"start":{"line":8,"column":4},"end":{"line":8,"column":46}},"7":{"start":{"line":9,"column":4},"end":{"line":9,"column":47}}},"branchMap":{}},"/Users/chris/dev/nog/src/content/get_prefixed_uri.js":{"path":"/Users/chris/dev/nog/src/content/get_prefixed_uri.js","s":{"1":1,"2":125,"3":125,"4":96,"5":125,"6":43,"7":125},"b":{"1":[96,29],"2":[43,82]},"f":{"1":125},"fnMap":{"1":{"name":"(anonymous_1)","line":2,"loc":{"start":{"line":2,"column":17},"end":{"line":2,"column":41}}}},"statementMap":{"1":{"start":{"line":2,"column":0},"end":{"line":11,"column":2}},"2":{"start":{"line":3,"column":4},"end":{"line":3,"column":19}},"3":{"start":{"line":4,"column":4},"end":{"line":6,"column":5}},"4":{"start":{"line":5,"column":8},"end":{"line":5,"column":29}},"5":{"start":{"line":7,"column":4},"end":{"line":9,"column":5}},"6":{"start":{"line":8,"column":8},"end":{"line":8,"column":42}},"7":{"start":{"line":10,"column":4},"end":{"line":10,"column":27}}},"branchMap":{"1":{"line":4,"type":"if","locations":[{"start":{"line":4,"column":4},"end":{"line":4,"column":4}},{"start":{"line":4,"column":4},"end":{"line":4,"column":4}}]},"2":{"line":7,"type":"if","locations":[{"start":{"line":7,"column":4},"end":{"line":7,"column":4}},{"start":{"line":7,"column":4},"end":{"line":7,"column":4}}]}}},"/Users/chris/dev/nog/src/content/get_paged_uri.js":{"path":"/Users/chris/dev/nog/src/content/get_paged_uri.js","s":{"1":1,"2":1,"3":94,"4":94,"5":94,"6":18,"7":18,"8":94},"b":{"1":[94,76],"2":[18,76]},"f":{"1":94},"fnMap":{"1":{"name":"(anonymous_1)","line":3,"loc":{"start":{"line":3,"column":17},"end":{"line":3,"column":47}}}},"statementMap":{"1":{"start":{"line":2,"column":0},"end":{"line":2,"column":27}},"2":{"start":{"line":3,"column":0},"end":{"line":11,"column":2}},"3":{"start":{"line":4,"column":4},"end":{"line":4,"column":27}},"4":{"start":{"line":5,"column":4},"end":{"line":5,"column":21}},"5":{"start":{"line":6,"column":4},"end":{"line":9,"column":5}},"6":{"start":{"line":7,"column":8},"end":{"line":7,"column":44}},"7":{"start":{"line":8,"column":8},"end":{"line":8,"column":42}},"8":{"start":{"line":10,"column":4},"end":{"line":10,"column":27}}},"branchMap":{"1":{"line":5,"type":"binary-expr","locations":[{"start":{"line":5,"column":11},"end":{"line":5,"column":15}},{"start":{"line":5,"column":19},"end":{"line":5,"column":20}}]},"2":{"line":6,"type":"if","locations":[{"start":{"line":6,"column":4},"end":{"line":6,"column":4}},{"start":{"line":6,"column":4},"end":{"line":6,"column":4}}]}}},"/Users/chris/dev/nog/src/archives/get_month_archives_id.js":{"path":"/Users/chris/dev/nog/src/archives/get_month_archives_id.js","s":{"1":1,"2":1,"3":1,"4":26,"5":26,"6":26,"7":26,"8":26},"b":{},"f":{"1":26},"fnMap":{"1":{"name":"(anonymous_1)","line":5,"loc":{"start":{"line":5,"column":17},"end":{"line":5,"column":34}}}},"statementMap":{"1":{"start":{"line":2,"column":0},"end":{"line":2,"column":31}},"2":{"start":{"line":3,"column":0},"end":{"line":3,"column":61}},"3":{"start":{"line":5,"column":0},"end":{"line":11,"column":2}},"4":{"start":{"line":6,"column":4},"end":{"line":6,"column":45}},"5":{"start":{"line":7,"column":4},"end":{"line":7,"column":25}},"6":{"start":{"line":8,"column":4},"end":{"line":8,"column":36}},"7":{"start":{"line":9,"column":4},"end":{"line":9,"column":34}},"8":{"start":{"line":10,"column":4},"end":{"line":10,"column":27}}},"branchMap":{}},"/Users/chris/dev/nog/src/archives/get_month_archives_uri.js":{"path":"/Users/chris/dev/nog/src/archives/get_month_archives_uri.js","s":{"1":1,"2":1,"3":1,"4":1,"5":14,"6":14,"7":14},"b":{},"f":{"1":14},"fnMap":{"1":{"name":"(anonymous_1)","line":6,"loc":{"start":{"line":6,"column":17},"end":{"line":6,"column":40}}}},"statementMap":{"1":{"start":{"line":2,"column":0},"end":{"line":2,"column":62}},"2":{"start":{"line":3,"column":0},"end":{"line":3,"column":56}},"3":{"start":{"line":4,"column":0},"end":{"line":4,"column":63}},"4":{"start":{"line":6,"column":0},"end":{"line":10,"column":2}},"5":{"start":{"line":7,"column":4},"end":{"line":7,"column":44}},"6":{"start":{"line":8,"column":4},"end":{"line":8,"column":46}},"7":{"start":{"line":9,"column":4},"end":{"line":9,"column":47}}},"branchMap":{}},"/Users/chris/dev/nog/src/archives/get_day_archives_id.js":{"path":"/Users/chris/dev/nog/src/archives/get_day_archives_id.js","s":{"1":1,"2":1,"3":1,"4":26,"5":26,"6":26,"7":26,"8":26,"9":26},"b":{},"f":{"1":26},"fnMap":{"1":{"name":"(anonymous_1)","line":5,"loc":{"start":{"line":5,"column":17},"end":{"line":5,"column":34}}}},"statementMap":{"1":{"start":{"line":2,"column":0},"end":{"line":2,"column":31}},"2":{"start":{"line":3,"column":0},"end":{"line":3,"column":61}},"3":{"start":{"line":5,"column":0},"end":{"line":12,"column":2}},"4":{"start":{"line":6,"column":4},"end":{"line":6,"column":45}},"5":{"start":{"line":7,"column":4},"end":{"line":7,"column":25}},"6":{"start":{"line":8,"column":4},"end":{"line":8,"column":36}},"7":{"start":{"line":9,"column":4},"end":{"line":9,"column":34}},"8":{"start":{"line":10,"column":4},"end":{"line":10,"column":34}},"9":{"start":{"line":11,"column":4},"end":{"line":11,"column":27}}},"branchMap":{}},"/Users/chris/dev/nog/src/archives/get_day_archives_uri.js":{"path":"/Users/chris/dev/nog/src/archives/get_day_archives_uri.js","s":{"1":1,"2":1,"3":1,"4":1,"5":14,"6":14,"7":14},"b":{},"f":{"1":14},"fnMap":{"1":{"name":"(anonymous_1)","line":7,"loc":{"start":{"line":7,"column":17},"end":{"line":7,"column":40}}}},"statementMap":{"1":{"start":{"line":2,"column":0},"end":{"line":2,"column":56}},"2":{"start":{"line":3,"column":0},"end":{"line":3,"column":59}},"3":{"start":{"line":4,"column":0},"end":{"line":4,"column":62}},"4":{"start":{"line":7,"column":0},"end":{"line":11,"column":2}},"5":{"start":{"line":8,"column":4},"end":{"line":8,"column":42}},"6":{"start":{"line":9,"column":4},"end":{"line":9,"column":46}},"7":{"start":{"line":10,"column":4},"end":{"line":10,"column":47}}},"branchMap":{}},"/Users/chris/dev/nog/src/archives/add_post_to_tag_archive.js":{"path":"/Users/chris/dev/nog/src/archives/add_post_to_tag_archive.js","s":{"1":1,"2":1,"3":1,"4":1,"5":1,"6":1,"7":1,"8":1,"9":6,"10":6,"11":6,"12":6,"13":6,"14":6,"15":5,"16":6},"b":{"1":[5,1]},"f":{"1":6},"fnMap":{"1":{"name":"(anonymous_1)","line":14,"loc":{"start":{"line":14,"column":17},"end":{"line":14,"column":59}}}},"statementMap":{"1":{"start":{"line":2,"column":0},"end":{"line":2,"column":26}},"2":{"start":{"line":3,"column":0},"end":{"line":3,"column":26}},"3":{"start":{"line":4,"column":0},"end":{"line":4,"column":44}},"4":{"start":{"line":7,"column":0},"end":{"line":7,"column":62}},"5":{"start":{"line":8,"column":0},"end":{"line":8,"column":62}},"6":{"start":{"line":9,"column":0},"end":{"line":9,"column":59}},"7":{"start":{"line":10,"column":0},"end":{"line":10,"column":61}},"8":{"start":{"line":14,"column":0},"end":{"line":37,"column":2}},"9":{"start":{"line":15,"column":4},"end":{"line":15,"column":13}},"10":{"start":{"line":16,"column":4},"end":{"line":16,"column":12}},"11":{"start":{"line":17,"column":4},"end":{"line":17,"column":35}},"12":{"start":{"line":18,"column":4},"end":{"line":18,"column":37}},"13":{"start":{"line":19,"column":4},"end":{"line":19,"column":43}},"14":{"start":{"line":22,"column":4},"end":{"line":35,"column":5}},"15":{"start":{"line":24,"column":8},"end":{"line":34,"column":10}},"16":{"start":{"line":36,"column":4},"end":{"line":36,"column":41}}},"branchMap":{"1":{"line":22,"type":"if","locations":[{"start":{"line":22,"column":4},"end":{"line":22,"column":4}},{"start":{"line":22,"column":4},"end":{"line":22,"column":4}}]}}},"/Users/chris/dev/nog/src/archives/get_tag_archives_id.js":{"path":"/Users/chris/dev/nog/src/archives/get_tag_archives_id.js","s":{"1":1,"2":1,"3":1,"4":21,"5":21,"6":21,"7":21},"b":{},"f":{"1":21},"fnMap":{"1":{"name":"(anonymous_1)","line":6,"loc":{"start":{"line":6,"column":17},"end":{"line":6,"column":41}}}},"statementMap":{"1":{"start":{"line":2,"column":0},"end":{"line":2,"column":27}},"2":{"start":{"line":3,"column":0},"end":{"line":3,"column":61}},"3":{"start":{"line":6,"column":0},"end":{"line":11,"column":2}},"4":{"start":{"line":7,"column":4},"end":{"line":7,"column":45}},"5":{"start":{"line":8,"column":4},"end":{"line":8,"column":39}},"6":{"start":{"line":9,"column":4},"end":{"line":9,"column":25}},"7":{"start":{"line":10,"column":4},"end":{"line":10,"column":26}}},"branchMap":{}},"/Users/chris/dev/nog/src/archives/get_tag_archives_uri.js":{"path":"/Users/chris/dev/nog/src/archives/get_tag_archives_uri.js","s":{"1":1,"2":1,"3":1,"4":1,"5":14,"6":14,"7":14},"b":{},"f":{"1":14},"fnMap":{"1":{"name":"(anonymous_1)","line":6,"loc":{"start":{"line":6,"column":17},"end":{"line":6,"column":47}}}},"statementMap":{"1":{"start":{"line":2,"column":0},"end":{"line":2,"column":62}},"2":{"start":{"line":3,"column":0},"end":{"line":3,"column":56}},"3":{"start":{"line":4,"column":0},"end":{"line":4,"column":59}},"4":{"start":{"line":6,"column":0},"end":{"line":10,"column":2}},"5":{"start":{"line":7,"column":4},"end":{"line":7,"column":49}},"6":{"start":{"line":8,"column":4},"end":{"line":8,"column":46}},"7":{"start":{"line":9,"column":4},"end":{"line":9,"column":47}}},"branchMap":{}},"/Users/chris/dev/nog/src/archives/create.js":{"path":"/Users/chris/dev/nog/src/archives/create.js","s":{"1":1,"2":1,"3":1,"4":1,"5":1,"6":1,"7":1,"8":1,"9":1,"10":1,"11":3,"12":3,"13":3,"14":3,"15":3,"16":3,"17":2,"18":2,"19":2,"20":3,"21":3,"22":2,"23":3,"24":6,"25":3},"b":{},"f":{"1":3,"2":2,"3":2,"4":2,"5":6},"fnMap":{"1":{"name":"(anonymous_1)","line":14,"loc":{"start":{"line":14,"column":17},"end":{"line":14,"column":41}}},"2":{"name":"(anonymous_2)","line":34,"loc":{"start":{"line":34,"column":18},"end":{"line":34,"column":32}}},"3":{"name":"(anonymous_3)","line":36,"loc":{"start":{"line":36,"column":26},"end":{"line":36,"column":39}}},"4":{"name":"(anonymous_4)","line":42,"loc":{"start":{"line":42,"column":26},"end":{"line":42,"column":43}}},"5":{"name":"(anonymous_5)","line":45,"loc":{"start":{"line":45,"column":27},"end":{"line":45,"column":44}}}},"statementMap":{"1":{"start":{"line":2,"column":0},"end":{"line":2,"column":26}},"2":{"start":{"line":4,"column":0},"end":{"line":4,"column":61}},"3":{"start":{"line":5,"column":0},"end":{"line":5,"column":63}},"4":{"start":{"line":6,"column":0},"end":{"line":6,"column":62}},"5":{"start":{"line":7,"column":0},"end":{"line":7,"column":62}},"6":{"start":{"line":8,"column":0},"end":{"line":8,"column":60}},"7":{"start":{"line":10,"column":0},"end":{"line":10,"column":71}},"8":{"start":{"line":11,"column":0},"end":{"line":11,"column":67}},"9":{"start":{"line":12,"column":0},"end":{"line":12,"column":53}},"10":{"start":{"line":14,"column":0},"end":{"line":52,"column":2}},"11":{"start":{"line":15,"column":4},"end":{"line":15,"column":17}},"12":{"start":{"line":16,"column":4},"end":{"line":16,"column":42}},"13":{"start":{"line":17,"column":4},"end":{"line":17,"column":83}},"14":{"start":{"line":18,"column":4},"end":{"line":18,"column":27}},"15":{"start":{"line":20,"column":4},"end":{"line":33,"column":6}},"16":{"start":{"line":34,"column":4},"end":{"line":39,"column":7}},"17":{"start":{"line":35,"column":8},"end":{"line":35,"column":56}},"18":{"start":{"line":36,"column":8},"end":{"line":38,"column":11}},"19":{"start":{"line":37,"column":12},"end":{"line":37,"column":63}},"20":{"start":{"line":41,"column":4},"end":{"line":41,"column":42}},"21":{"start":{"line":42,"column":4},"end":{"line":44,"column":7}},"22":{"start":{"line":43,"column":8},"end":{"line":43,"column":40}},"23":{"start":{"line":45,"column":4},"end":{"line":47,"column":7}},"24":{"start":{"line":46,"column":8},"end":{"line":46,"column":40}},"25":{"start":{"line":51,"column":4},"end":{"line":51,"column":20}}},"branchMap":{}},"/Users/chris/dev/nog/src/archives/get_main_archives_uri.js":{"path":"/Users/chris/dev/nog/src/archives/get_main_archives_uri.js","s":{"1":1,"2":1,"3":1,"4":1,"5":14,"6":14,"7":14},"b":{},"f":{"1":14},"fnMap":{"1":{"name":"(anonymous_1)","line":6,"loc":{"start":{"line":6,"column":17},"end":{"line":6,"column":37}}}},"statementMap":{"1":{"start":{"line":2,"column":0},"end":{"line":2,"column":62}},"2":{"start":{"line":3,"column":0},"end":{"line":3,"column":56}},"3":{"start":{"line":4,"column":0},"end":{"line":4,"column":61}},"4":{"start":{"line":6,"column":0},"end":{"line":10,"column":2}},"5":{"start":{"line":7,"column":4},"end":{"line":7,"column":40}},"6":{"start":{"line":8,"column":4},"end":{"line":8,"column":46}},"7":{"start":{"line":9,"column":4},"end":{"line":9,"column":47}}},"branchMap":{}},"/Users/chris/dev/nog/src/content/sort_blog_posts.js":{"path":"/Users/chris/dev/nog/src/content/sort_blog_posts.js","s":{"1":1,"2":1,"3":1,"4":6,"5":7,"6":7,"7":7,"8":7,"9":7,"10":1,"11":6,"12":2,"13":4,"14":1,"15":3,"16":2,"17":1},"b":{"1":[1,6],"2":[2,4],"3":[1,3],"4":[2,1]},"f":{"1":6,"2":7},"fnMap":{"1":{"name":"(anonymous_1)","line":3,"loc":{"start":{"line":3,"column":17},"end":{"line":3,"column":32}}},"2":{"name":"(anonymous_2)","line":4,"loc":{"start":{"line":4,"column":15},"end":{"line":4,"column":29}}}},"statementMap":{"1":{"start":{"line":1,"column":0},"end":{"line":1,"column":45}},"2":{"start":{"line":2,"column":0},"end":{"line":2,"column":47}},"3":{"start":{"line":3,"column":0},"end":{"line":16,"column":2}},"4":{"start":{"line":4,"column":4},"end":{"line":14,"column":6}},"5":{"start":{"line":5,"column":8},"end":{"line":5,"column":33}},"6":{"start":{"line":6,"column":8},"end":{"line":6,"column":33}},"7":{"start":{"line":7,"column":8},"end":{"line":7,"column":49}},"8":{"start":{"line":8,"column":8},"end":{"line":8,"column":49}},"9":{"start":{"line":9,"column":8},"end":{"line":9,"column":46}},"10":{"start":{"line":9,"column":37},"end":{"line":9,"column":46}},"11":{"start":{"line":10,"column":8},"end":{"line":10,"column":46}},"12":{"start":{"line":10,"column":36},"end":{"line":10,"column":46}},"13":{"start":{"line":11,"column":8},"end":{"line":11,"column":41}},"14":{"start":{"line":11,"column":31},"end":{"line":11,"column":41}},"15":{"start":{"line":12,"column":8},"end":{"line":12,"column":40}},"16":{"start":{"line":12,"column":31},"end":{"line":12,"column":40}},"17":{"start":{"line":13,"column":8},"end":{"line":13,"column":17}}},"branchMap":{"1":{"line":9,"type":"if","locations":[{"start":{"line":9,"column":8},"end":{"line":9,"column":8}},{"start":{"line":9,"column":8},"end":{"line":9,"column":8}}]},"2":{"line":10,"type":"if","locations":[{"start":{"line":10,"column":8},"end":{"line":10,"column":8}},{"start":{"line":10,"column":8},"end":{"line":10,"column":8}}]},"3":{"line":11,"type":"if","locations":[{"start":{"line":11,"column":8},"end":{"line":11,"column":8}},{"start":{"line":11,"column":8},"end":{"line":11,"column":8}}]},"4":{"line":12,"type":"if","locations":[{"start":{"line":12,"column":8},"end":{"line":12,"column":8}},{"start":{"line":12,"column":8},"end":{"line":12,"column":8}}]}}},"/Users/chris/dev/nog/src/atomic/get_title.js":{"path":"/Users/chris/dev/nog/src/atomic/get_title.js","s":{"1":1,"2":1,"3":1,"4":1,"5":37,"6":37,"7":37,"8":37,"9":22,"10":22,"11":15,"12":37},"b":{"1":[22,15],"2":[37,17,16]},"f":{"1":37},"fnMap":{"1":{"name":"(anonymous_1)","line":8,"loc":{"start":{"line":8,"column":17},"end":{"line":8,"column":34}}}},"statementMap":{"1":{"start":{"line":2,"column":0},"end":{"line":2,"column":26}},"2":{"start":{"line":3,"column":0},"end":{"line":3,"column":26}},"3":{"start":{"line":5,"column":0},"end":{"line":5,"column":45}},"4":{"start":{"line":8,"column":0},"end":{"line":19,"column":2}},"5":{"start":{"line":9,"column":4},"end":{"line":9,"column":19}},"6":{"start":{"line":10,"column":4},"end":{"line":10,"column":17}},"7":{"start":{"line":11,"column":4},"end":{"line":11,"column":14}},"8":{"start":{"line":12,"column":4},"end":{"line":17,"column":5}},"9":{"start":{"line":13,"column":8},"end":{"line":13,"column":41}},"10":{"start":{"line":14,"column":8},"end":{"line":14,"column":41}},"11":{"start":{"line":16,"column":8},"end":{"line":16,"column":42}},"12":{"start":{"line":18,"column":4},"end":{"line":18,"column":17}}},"branchMap":{"1":{"line":12,"type":"if","locations":[{"start":{"line":12,"column":4},"end":{"line":12,"column":4}},{"start":{"line":12,"column":4},"end":{"line":12,"column":4}}]},"2":{"line":12,"type":"binary-expr","locations":[{"start":{"line":12,"column":8},"end":{"line":12,"column":37}},{"start":{"line":12,"column":41},"end":{"line":12,"column":72}},{"start":{"line":12,"column":76},"end":{"line":12,"column":114}}]}}},"/Users/chris/dev/nog/src/atomic/get_basename.js":{"path":"/Users/chris/dev/nog/src/atomic/get_basename.js","s":{"1":1,"2":1,"3":560},"b":{},"f":{"1":560},"fnMap":{"1":{"name":"(anonymous_1)","line":4,"loc":{"start":{"line":4,"column":17},"end":{"line":4,"column":34}}}},"statementMap":{"1":{"start":{"line":2,"column":0},"end":{"line":2,"column":27}},"2":{"start":{"line":4,"column":0},"end":{"line":6,"column":2}},"3":{"start":{"line":5,"column":4},"end":{"line":5,"column":85}}},"branchMap":{}},"/Users/chris/dev/nog/src/archives/paginate_archive.js":{"path":"/Users/chris/dev/nog/src/archives/paginate_archive.js","s":{"1":1,"2":1,"3":1,"4":1,"5":1,"6":20,"7":20,"8":20,"9":6,"10":6,"11":14,"12":14,"13":20,"14":20,"15":20,"16":22,"17":22},"b":{"1":[6,14]},"f":{"1":20,"2":22},"fnMap":{"1":{"name":"(anonymous_1)","line":9,"loc":{"start":{"line":9,"column":17},"end":{"line":9,"column":40}}},"2":{"name":"(anonymous_2)","line":21,"loc":{"start":{"line":21,"column":18},"end":{"line":21,"column":36}}}},"statementMap":{"1":{"start":{"line":2,"column":0},"end":{"line":2,"column":26}},"2":{"start":{"line":4,"column":0},"end":{"line":4,"column":62}},"3":{"start":{"line":5,"column":0},"end":{"line":5,"column":62}},"4":{"start":{"line":6,"column":0},"end":{"line":6,"column":56}},"5":{"start":{"line":9,"column":0},"end":{"line":33,"column":2}},"6":{"start":{"line":10,"column":4},"end":{"line":10,"column":14}},"7":{"start":{"line":11,"column":4},"end":{"line":11,"column":46}},"8":{"start":{"line":12,"column":4},"end":{"line":18,"column":5}},"9":{"start":{"line":13,"column":8},"end":{"line":13,"column":92}},"10":{"start":{"line":14,"column":8},"end":{"line":14,"column":69}},"11":{"start":{"line":16,"column":8},"end":{"line":16,"column":31}},"12":{"start":{"line":17,"column":8},"end":{"line":17,"column":32}},"13":{"start":{"line":19,"column":4},"end":{"line":19,"column":46}},"14":{"start":{"line":20,"column":4},"end":{"line":20,"column":23}},"15":{"start":{"line":21,"column":4},"end":{"line":32,"column":7}},"16":{"start":{"line":22,"column":8},"end":{"line":22,"column":54}},"17":{"start":{"line":23,"column":8},"end":{"line":30,"column":11}}},"branchMap":{"1":{"line":12,"type":"if","locations":[{"start":{"line":12,"column":4},"end":{"line":12,"column":4}},{"start":{"line":12,"column":4},"end":{"line":12,"column":4}}]}}},"/Users/chris/dev/nog/src/atomic/get_children.js":{"path":"/Users/chris/dev/nog/src/atomic/get_children.js","s":{"1":1,"2":1,"3":1,"4":1,"5":1,"6":23,"7":23,"8":23,"9":46,"10":46,"11":46,"12":46,"13":6,"14":40,"15":1,"16":39,"17":1,"18":38,"19":23},"b":{"1":[6,40],"2":[1,39],"3":[1,38]},"f":{"1":23,"2":46},"fnMap":{"1":{"name":"(anonymous_1)","line":8,"loc":{"start":{"line":8,"column":17},"end":{"line":8,"column":57}}},"2":{"name":"(anonymous_2)","line":12,"loc":{"start":{"line":12,"column":21},"end":{"line":12,"column":45}}}},"statementMap":{"1":{"start":{"line":1,"column":0},"end":{"line":1,"column":26}},"2":{"start":{"line":3,"column":0},"end":{"line":3,"column":33}},"3":{"start":{"line":4,"column":0},"end":{"line":4,"column":41}},"4":{"start":{"line":5,"column":0},"end":{"line":5,"column":47}},"5":{"start":{"line":8,"column":0},"end":{"line":22,"column":2}},"6":{"start":{"line":9,"column":4},"end":{"line":9,"column":29}},"7":{"start":{"line":10,"column":4},"end":{"line":10,"column":22}},"8":{"start":{"line":12,"column":4},"end":{"line":20,"column":7}},"9":{"start":{"line":13,"column":8},"end":{"line":13,"column":46}},"10":{"start":{"line":14,"column":8},"end":{"line":14,"column":40}},"11":{"start":{"line":15,"column":8},"end":{"line":15,"column":20}},"12":{"start":{"line":16,"column":8},"end":{"line":16,"column":43}},"13":{"start":{"line":16,"column":36},"end":{"line":16,"column":43}},"14":{"start":{"line":17,"column":8},"end":{"line":17,"column":70}},"15":{"start":{"line":17,"column":63},"end":{"line":17,"column":70}},"16":{"start":{"line":18,"column":8},"end":{"line":18,"column":59}},"17":{"start":{"line":18,"column":52},"end":{"line":18,"column":59}},"18":{"start":{"line":19,"column":8},"end":{"line":19,"column":38}},"19":{"start":{"line":21,"column":4},"end":{"line":21,"column":20}}},"branchMap":{"1":{"line":16,"type":"if","locations":[{"start":{"line":16,"column":8},"end":{"line":16,"column":8}},{"start":{"line":16,"column":8},"end":{"line":16,"column":8}}]},"2":{"line":17,"type":"if","locations":[{"start":{"line":17,"column":8},"end":{"line":17,"column":8}},{"start":{"line":17,"column":8},"end":{"line":17,"column":8}}]},"3":{"line":18,"type":"if","locations":[{"start":{"line":18,"column":8},"end":{"line":18,"column":8}},{"start":{"line":18,"column":8},"end":{"line":18,"column":8}}]}}},"/Users/chris/dev/nog/src/atomic/get_id.js":{"path":"/Users/chris/dev/nog/src/atomic/get_id.js","s":{"1":1,"2":1,"3":1,"4":378,"5":378,"6":378,"7":378,"8":131,"9":378},"b":{"1":[131,247]},"f":{"1":378},"fnMap":{"1":{"name":"(anonymous_1)","line":4,"loc":{"start":{"line":4,"column":17},"end":{"line":4,"column":34}}}},"statementMap":{"1":{"start":{"line":2,"column":0},"end":{"line":2,"column":27}},"2":{"start":{"line":3,"column":0},"end":{"line":3,"column":45}},"3":{"start":{"line":4,"column":0},"end":{"line":13,"column":2}},"4":{"start":{"line":5,"column":4},"end":{"line":5,"column":41}},"5":{"start":{"line":6,"column":4},"end":{"line":6,"column":54}},"6":{"start":{"line":7,"column":4},"end":{"line":7,"column":16}},"7":{"start":{"line":8,"column":4},"end":{"line":10,"column":5}},"8":{"start":{"line":9,"column":8},"end":{"line":9,"column":29}},"9":{"start":{"line":11,"column":4},"end":{"line":11,"column":27}}},"branchMap":{"1":{"line":8,"type":"if","locations":[{"start":{"line":8,"column":4},"end":{"line":8,"column":4}},{"start":{"line":8,"column":4},"end":{"line":8,"column":4}}]}}},"/Users/chris/dev/nog/src/atomic/is_ignored.js":{"path":"/Users/chris/dev/nog/src/atomic/is_ignored.js","s":{"1":1,"2":1,"3":1,"4":1,"5":1,"6":1,"7":1,"8":70,"9":1,"10":69,"11":2,"12":67,"13":1,"14":66,"15":1,"16":65,"17":2,"18":63},"b":{"1":[1,69],"2":[2,67],"3":[1,66],"4":[1,65],"5":[2,63]},"f":{"1":70},"fnMap":{"1":{"name":"(anonymous_1)","line":10,"loc":{"start":{"line":10,"column":17},"end":{"line":10,"column":57}}}},"statementMap":{"1":{"start":{"line":2,"column":0},"end":{"line":2,"column":26}},"2":{"start":{"line":4,"column":0},"end":{"line":4,"column":61}},"3":{"start":{"line":5,"column":0},"end":{"line":5,"column":61}},"4":{"start":{"line":6,"column":0},"end":{"line":6,"column":87}},"5":{"start":{"line":7,"column":0},"end":{"line":7,"column":85}},"6":{"start":{"line":8,"column":0},"end":{"line":8,"column":81}},"7":{"start":{"line":10,"column":0},"end":{"line":17,"column":2}},"8":{"start":{"line":11,"column":4},"end":{"line":11,"column":51}},"9":{"start":{"line":11,"column":39},"end":{"line":11,"column":51}},"10":{"start":{"line":12,"column":4},"end":{"line":12,"column":57}},"11":{"start":{"line":12,"column":45},"end":{"line":12,"column":57}},"12":{"start":{"line":13,"column":4},"end":{"line":13,"column":70}},"13":{"start":{"line":13,"column":58},"end":{"line":13,"column":70}},"14":{"start":{"line":14,"column":4},"end":{"line":14,"column":86}},"15":{"start":{"line":14,"column":74},"end":{"line":14,"column":86}},"16":{"start":{"line":15,"column":4},"end":{"line":15,"column":84}},"17":{"start":{"line":15,"column":72},"end":{"line":15,"column":84}},"18":{"start":{"line":16,"column":4},"end":{"line":16,"column":17}}},"branchMap":{"1":{"line":11,"type":"if","locations":[{"start":{"line":11,"column":4},"end":{"line":11,"column":4}},{"start":{"line":11,"column":4},"end":{"line":11,"column":4}}]},"2":{"line":12,"type":"if","locations":[{"start":{"line":12,"column":4},"end":{"line":12,"column":4}},{"start":{"line":12,"column":4},"end":{"line":12,"column":4}}]},"3":{"line":13,"type":"if","locations":[{"start":{"line":13,"column":4},"end":{"line":13,"column":4}},{"start":{"line":13,"column":4},"end":{"line":13,"column":4}}]},"4":{"line":14,"type":"if","locations":[{"start":{"line":14,"column":4},"end":{"line":14,"column":4}},{"start":{"line":14,"column":4},"end":{"line":14,"column":4}}]},"5":{"line":15,"type":"if","locations":[{"start":{"line":15,"column":4},"end":{"line":15,"column":4}},{"start":{"line":15,"column":4},"end":{"line":15,"column":4}}]}}},"/Users/chris/dev/nog/src/atomic/is_ignored_bad_slugs.js":{"path":"/Users/chris/dev/nog/src/atomic/is_ignored_bad_slugs.js","s":{"1":1,"2":1,"3":1,"4":1,"5":78,"6":78,"7":78,"8":78,"9":39,"10":49,"11":6,"12":78},"b":{"1":[39,39],"2":[6,43]},"f":{"1":78,"2":49},"fnMap":{"1":{"name":"(anonymous_1)","line":7,"loc":{"start":{"line":7,"column":17},"end":{"line":7,"column":34}}},"2":{"name":"(anonymous_2)","line":12,"loc":{"start":{"line":12,"column":22},"end":{"line":12,"column":36}}}},"statementMap":{"1":{"start":{"line":2,"column":0},"end":{"line":2,"column":26}},"2":{"start":{"line":4,"column":0},"end":{"line":4,"column":54}},"3":{"start":{"line":5,"column":0},"end":{"line":5,"column":33}},"4":{"start":{"line":7,"column":0},"end":{"line":19,"column":2}},"5":{"start":{"line":8,"column":4},"end":{"line":8,"column":24}},"6":{"start":{"line":9,"column":4},"end":{"line":9,"column":29}},"7":{"start":{"line":10,"column":4},"end":{"line":10,"column":30}},"8":{"start":{"line":11,"column":4},"end":{"line":17,"column":5}},"9":{"start":{"line":12,"column":8},"end":{"line":16,"column":11}},"10":{"start":{"line":13,"column":12},"end":{"line":15,"column":13}},"11":{"start":{"line":14,"column":16},"end":{"line":14,"column":31}},"12":{"start":{"line":18,"column":4},"end":{"line":18,"column":19}}},"branchMap":{"1":{"line":11,"type":"if","locations":[{"start":{"line":11,"column":4},"end":{"line":11,"column":4}},{"start":{"line":11,"column":4},"end":{"line":11,"column":4}}]},"2":{"line":13,"type":"if","locations":[{"start":{"line":13,"column":12},"end":{"line":13,"column":12}},{"start":{"line":13,"column":12},"end":{"line":13,"column":12}}]}}},"/Users/chris/dev/nog/src/utils/validate_slug.js":{"path":"/Users/chris/dev/nog/src/utils/validate_slug.js","s":{"1":1,"2":1,"3":1,"4":92,"5":7,"6":85,"7":3,"8":82,"9":20,"10":62,"11":1,"12":61,"13":6,"14":55,"15":1,"16":54},"b":{"1":[7,85],"2":[3,82],"3":[20,62],"4":[1,61],"5":[6,55],"6":[1,54]},"f":{"1":92},"fnMap":{"1":{"name":"(anonymous_1)","line":4,"loc":{"start":{"line":4,"column":17},"end":{"line":4,"column":31}}}},"statementMap":{"1":{"start":{"line":2,"column":0},"end":{"line":2,"column":26}},"2":{"start":{"line":3,"column":0},"end":{"line":3,"column":26}},"3":{"start":{"line":4,"column":0},"end":{"line":12,"column":2}},"4":{"start":{"line":5,"column":4},"end":{"line":5,"column":40}},"5":{"start":{"line":5,"column":27},"end":{"line":5,"column":40}},"6":{"start":{"line":6,"column":4},"end":{"line":6,"column":48}},"7":{"start":{"line":6,"column":35},"end":{"line":6,"column":48}},"8":{"start":{"line":7,"column":4},"end":{"line":7,"column":50}},"9":{"start":{"line":7,"column":37},"end":{"line":7,"column":50}},"10":{"start":{"line":8,"column":4},"end":{"line":8,"column":39}},"11":{"start":{"line":8,"column":26},"end":{"line":8,"column":39}},"12":{"start":{"line":9,"column":4},"end":{"line":9,"column":39}},"13":{"start":{"line":9,"column":26},"end":{"line":9,"column":39}},"14":{"start":{"line":10,"column":4},"end":{"line":10,"column":39}},"15":{"start":{"line":10,"column":26},"end":{"line":10,"column":39}},"16":{"start":{"line":11,"column":4},"end":{"line":11,"column":16}}},"branchMap":{"1":{"line":5,"type":"if","locations":[{"start":{"line":5,"column":4},"end":{"line":5,"column":4}},{"start":{"line":5,"column":4},"end":{"line":5,"column":4}}]},"2":{"line":6,"type":"if","locations":[{"start":{"line":6,"column":4},"end":{"line":6,"column":4}},{"start":{"line":6,"column":4},"end":{"line":6,"column":4}}]},"3":{"line":7,"type":"if","locations":[{"start":{"line":7,"column":4},"end":{"line":7,"column":4}},{"start":{"line":7,"column":4},"end":{"line":7,"column":4}}]},"4":{"line":8,"type":"if","locations":[{"start":{"line":8,"column":4},"end":{"line":8,"column":4}},{"start":{"line":8,"column":4},"end":{"line":8,"column":4}}]},"5":{"line":9,"type":"if","locations":[{"start":{"line":9,"column":4},"end":{"line":9,"column":4}},{"start":{"line":9,"column":4},"end":{"line":9,"column":4}}]},"6":{"line":10,"type":"if","locations":[{"start":{"line":10,"column":4},"end":{"line":10,"column":4}},{"start":{"line":10,"column":4},"end":{"line":10,"column":4}}]}}},"/Users/chris/dev/nog/src/atomic/is_ignored_extension.js":{"path":"/Users/chris/dev/nog/src/atomic/is_ignored_extension.js","s":{"1":1,"2":1,"3":72,"4":72},"b":{},"f":{"1":72},"fnMap":{"1":{"name":"(anonymous_1)","line":4,"loc":{"start":{"line":4,"column":17},"end":{"line":4,"column":40}}}},"statementMap":{"1":{"start":{"line":2,"column":0},"end":{"line":2,"column":27}},"2":{"start":{"line":4,"column":0},"end":{"line":7,"column":2}},"3":{"start":{"line":5,"column":4},"end":{"line":5,"column":56}},"4":{"start":{"line":6,"column":4},"end":{"line":6,"column":61}}},"branchMap":{}},"/Users/chris/dev/nog/src/atomic/is_ignored_conflicts_with_archive.js":{"path":"/Users/chris/dev/nog/src/atomic/is_ignored_conflicts_with_archive.js","s":{"1":1,"2":1,"3":1,"4":1,"5":72,"6":72,"7":72,"8":72,"9":71,"10":3,"11":72},"b":{"1":[71,1],"2":[72,72],"3":[3,68]},"f":{"1":72},"fnMap":{"1":{"name":"(anonymous_1)","line":8,"loc":{"start":{"line":8,"column":17},"end":{"line":8,"column":40}}}},"statementMap":{"1":{"start":{"line":2,"column":0},"end":{"line":2,"column":26}},"2":{"start":{"line":4,"column":0},"end":{"line":4,"column":33}},"3":{"start":{"line":5,"column":0},"end":{"line":5,"column":71}},"4":{"start":{"line":8,"column":0},"end":{"line":18,"column":2}},"5":{"start":{"line":9,"column":4},"end":{"line":9,"column":29}},"6":{"start":{"line":10,"column":4},"end":{"line":10,"column":49}},"7":{"start":{"line":11,"column":4},"end":{"line":11,"column":24}},"8":{"start":{"line":12,"column":4},"end":{"line":16,"column":5}},"9":{"start":{"line":13,"column":8},"end":{"line":15,"column":9}},"10":{"start":{"line":14,"column":12},"end":{"line":14,"column":27}},"11":{"start":{"line":17,"column":4},"end":{"line":17,"column":19}}},"branchMap":{"1":{"line":12,"type":"if","locations":[{"start":{"line":12,"column":4},"end":{"line":12,"column":4}},{"start":{"line":12,"column":4},"end":{"line":12,"column":4}}]},"2":{"line":12,"type":"binary-expr","locations":[{"start":{"line":12,"column":8},"end":{"line":12,"column":43}},{"start":{"line":12,"column":47},"end":{"line":12,"column":81}}]},"3":{"line":13,"type":"if","locations":[{"start":{"line":13,"column":8},"end":{"line":13,"column":8}},{"start":{"line":13,"column":8},"end":{"line":13,"column":8}}]}}},"/Users/chris/dev/nog/src/atomic/is_ignored_overridden_by_sibling.js":{"path":"/Users/chris/dev/nog/src/atomic/is_ignored_overridden_by_sibling.js","s":{"1":1,"2":1,"3":1,"4":1,"5":1,"6":1,"7":1,"8":1,"9":69,"10":69,"11":69,"12":69,"13":69,"14":69,"15":69,"16":69,"17":248,"18":248,"19":248,"20":179,"21":179,"22":4,"23":1,"24":3,"25":69,"26":69,"27":3,"28":3,"29":3,"30":2,"31":69},"b":{"1":[179,69],"2":[4,175],"3":[1,3],"4":[3,66],"5":[2,1]},"f":{"1":69,"2":248},"fnMap":{"1":{"name":"(anonymous_1)","line":11,"loc":{"start":{"line":11,"column":17},"end":{"line":11,"column":57}}},"2":{"name":"(anonymous_2)","line":20,"loc":{"start":{"line":20,"column":36},"end":{"line":20,"column":55}}}},"statementMap":{"1":{"start":{"line":2,"column":0},"end":{"line":2,"column":27}},"2":{"start":{"line":3,"column":0},"end":{"line":3,"column":26}},"3":{"start":{"line":5,"column":0},"end":{"line":5,"column":47}},"4":{"start":{"line":6,"column":0},"end":{"line":6,"column":45}},"5":{"start":{"line":7,"column":0},"end":{"line":7,"column":61}},"6":{"start":{"line":8,"column":0},"end":{"line":8,"column":61}},"7":{"start":{"line":9,"column":0},"end":{"line":9,"column":87}},"8":{"start":{"line":11,"column":0},"end":{"line":46,"column":2}},"9":{"start":{"line":12,"column":4},"end":{"line":12,"column":17}},"10":{"start":{"line":13,"column":4},"end":{"line":13,"column":24}},"11":{"start":{"line":14,"column":4},"end":{"line":14,"column":20}},"12":{"start":{"line":15,"column":4},"end":{"line":15,"column":21}},"13":{"start":{"line":16,"column":4},"end":{"line":16,"column":22}},"14":{"start":{"line":17,"column":4},"end":{"line":17,"column":50}},"15":{"start":{"line":18,"column":4},"end":{"line":18,"column":41}},"16":{"start":{"line":20,"column":4},"end":{"line":33,"column":7}},"17":{"start":{"line":21,"column":8},"end":{"line":21,"column":21}},"18":{"start":{"line":22,"column":8},"end":{"line":22,"column":53}},"19":{"start":{"line":23,"column":8},"end":{"line":32,"column":9}},"20":{"start":{"line":24,"column":12},"end":{"line":24,"column":65}},"21":{"start":{"line":25,"column":12},"end":{"line":31,"column":13}},"22":{"start":{"line":29,"column":16},"end":{"line":29,"column":61}},"23":{"start":{"line":29,"column":54},"end":{"line":29,"column":61}},"24":{"start":{"line":30,"column":16},"end":{"line":30,"column":40}},"25":{"start":{"line":36,"column":4},"end":{"line":36,"column":33}},"26":{"start":{"line":37,"column":4},"end":{"line":44,"column":5}},"27":{"start":{"line":38,"column":8},"end":{"line":38,"column":58}},"28":{"start":{"line":39,"column":8},"end":{"line":39,"column":60}},"29":{"start":{"line":41,"column":8},"end":{"line":43,"column":9}},"30":{"start":{"line":42,"column":12},"end":{"line":42,"column":27}},"31":{"start":{"line":45,"column":4},"end":{"line":45,"column":19}}},"branchMap":{"1":{"line":23,"type":"if","locations":[{"start":{"line":23,"column":8},"end":{"line":23,"column":8}},{"start":{"line":23,"column":8},"end":{"line":23,"column":8}}]},"2":{"line":25,"type":"if","locations":[{"start":{"line":25,"column":12},"end":{"line":25,"column":12}},{"start":{"line":25,"column":12},"end":{"line":25,"column":12}}]},"3":{"line":29,"type":"if","locations":[{"start":{"line":29,"column":16},"end":{"line":29,"column":16}},{"start":{"line":29,"column":16},"end":{"line":29,"column":16}}]},"4":{"line":37,"type":"if","locations":[{"start":{"line":37,"column":4},"end":{"line":37,"column":4}},{"start":{"line":37,"column":4},"end":{"line":37,"column":4}}]},"5":{"line":41,"type":"if","locations":[{"start":{"line":41,"column":8},"end":{"line":41,"column":8}},{"start":{"line":41,"column":8},"end":{"line":41,"column":8}}]}}},"/Users/chris/dev/nog/src/atomic/get_published.js":{"path":"/Users/chris/dev/nog/src/atomic/get_published.js","s":{"1":1,"2":1,"3":77,"4":67,"5":10,"6":1,"7":9,"8":1,"9":8,"10":6,"11":2},"b":{"1":[67,10],"2":[1,9],"3":[1,8],"4":[6,2]},"f":{"1":77},"fnMap":{"1":{"name":"(anonymous_1)","line":5,"loc":{"start":{"line":5,"column":17},"end":{"line":5,"column":41}}}},"statementMap":{"1":{"start":{"line":2,"column":0},"end":{"line":2,"column":26}},"2":{"start":{"line":5,"column":0},"end":{"line":24,"column":2}},"3":{"start":{"line":7,"column":4},"end":{"line":9,"column":5}},"4":{"start":{"line":8,"column":8},"end":{"line":8,"column":20}},"5":{"start":{"line":11,"column":4},"end":{"line":13,"column":5}},"6":{"start":{"line":12,"column":7},"end":{"line":12,"column":19}},"7":{"start":{"line":15,"column":4},"end":{"line":17,"column":5}},"8":{"start":{"line":16,"column":8},"end":{"line":16,"column":20}},"9":{"start":{"line":19,"column":4},"end":{"line":21,"column":5}},"10":{"start":{"line":20,"column":8},"end":{"line":20,"column":21}},"11":{"start":{"line":22,"column":4},"end":{"line":22,"column":34}}},"branchMap":{"1":{"line":7,"type":"if","locations":[{"start":{"line":7,"column":4},"end":{"line":7,"column":4}},{"start":{"line":7,"column":4},"end":{"line":7,"column":4}}]},"2":{"line":11,"type":"if","locations":[{"start":{"line":11,"column":4},"end":{"line":11,"column":4}},{"start":{"line":11,"column":4},"end":{"line":11,"column":4}}]},"3":{"line":15,"type":"if","locations":[{"start":{"line":15,"column":4},"end":{"line":15,"column":4}},{"start":{"line":15,"column":4},"end":{"line":15,"column":4}}]},"4":{"line":19,"type":"if","locations":[{"start":{"line":19,"column":4},"end":{"line":19,"column":4}},{"start":{"line":19,"column":4},"end":{"line":19,"column":4}}]}}},"/Users/chris/dev/nog/src/atomic/is_ignored_overridden_by_index.js":{"path":"/Users/chris/dev/nog/src/atomic/is_ignored_overridden_by_index.js","s":{"1":1,"2":1,"3":1,"4":1,"5":1,"6":1,"7":1,"8":1,"9":1,"10":69,"11":69,"12":69,"13":69,"14":248,"15":248,"16":248,"17":248,"18":4,"19":1,"20":3,"21":69},"b":{"1":[4,244],"2":[1,3]},"f":{"1":69,"2":248},"fnMap":{"1":{"name":"(anonymous_1)","line":12,"loc":{"start":{"line":12,"column":17},"end":{"line":12,"column":57}}},"2":{"name":"(anonymous_2)","line":18,"loc":{"start":{"line":18,"column":36},"end":{"line":18,"column":55}}}},"statementMap":{"1":{"start":{"line":2,"column":0},"end":{"line":2,"column":27}},"2":{"start":{"line":3,"column":0},"end":{"line":3,"column":26}},"3":{"start":{"line":5,"column":0},"end":{"line":5,"column":47}},"4":{"start":{"line":6,"column":0},"end":{"line":6,"column":45}},"5":{"start":{"line":7,"column":0},"end":{"line":7,"column":61}},"6":{"start":{"line":8,"column":0},"end":{"line":8,"column":61}},"7":{"start":{"line":9,"column":0},"end":{"line":9,"column":87}},"8":{"start":{"line":10,"column":0},"end":{"line":10,"column":85}},"9":{"start":{"line":12,"column":0},"end":{"line":34,"column":2}},"10":{"start":{"line":13,"column":4},"end":{"line":13,"column":24}},"11":{"start":{"line":14,"column":4},"end":{"line":14,"column":50}},"12":{"start":{"line":15,"column":4},"end":{"line":15,"column":41}},"13":{"start":{"line":18,"column":4},"end":{"line":32,"column":7}},"14":{"start":{"line":19,"column":8},"end":{"line":19,"column":21}},"15":{"start":{"line":20,"column":8},"end":{"line":20,"column":62}},"16":{"start":{"line":21,"column":8},"end":{"line":21,"column":61}},"17":{"start":{"line":23,"column":8},"end":{"line":30,"column":9}},"18":{"start":{"line":28,"column":12},"end":{"line":28,"column":57}},"19":{"start":{"line":28,"column":50},"end":{"line":28,"column":57}},"20":{"start":{"line":29,"column":12},"end":{"line":29,"column":27}},"21":{"start":{"line":33,"column":4},"end":{"line":33,"column":19}}},"branchMap":{"1":{"line":23,"type":"if","locations":[{"start":{"line":23,"column":8},"end":{"line":23,"column":8}},{"start":{"line":23,"column":8},"end":{"line":23,"column":8}}]},"2":{"line":28,"type":"if","locations":[{"start":{"line":28,"column":12},"end":{"line":28,"column":12}},{"start":{"line":28,"column":12},"end":{"line":28,"column":12}}]}}},"/Users/chris/dev/nog/src/atomic/get_content.js":{"path":"/Users/chris/dev/nog/src/atomic/get_content.js","s":{"1":1,"2":1,"3":47,"4":47,"5":46,"6":43,"7":47},"b":{"1":[46,1],"2":[43,3]},"f":{"1":47,"2":47},"fnMap":{"1":{"name":"(anonymous_1)","line":3,"loc":{"start":{"line":3,"column":17},"end":{"line":3,"column":50}}},"2":{"name":"(anonymous_2)","line":4,"loc":{"start":{"line":4,"column":49},"end":{"line":4,"column":70}}}},"statementMap":{"1":{"start":{"line":2,"column":0},"end":{"line":2,"column":44}},"2":{"start":{"line":3,"column":0},"end":{"line":13,"column":2}},"3":{"start":{"line":4,"column":4},"end":{"line":12,"column":7}},"4":{"start":{"line":5,"column":8},"end":{"line":10,"column":9}},"5":{"start":{"line":6,"column":12},"end":{"line":8,"column":13}},"6":{"start":{"line":7,"column":16},"end":{"line":7,"column":95}},"7":{"start":{"line":11,"column":8},"end":{"line":11,"column":30}}},"branchMap":{"1":{"line":5,"type":"if","locations":[{"start":{"line":5,"column":8},"end":{"line":5,"column":8}},{"start":{"line":5,"column":8},"end":{"line":5,"column":8}}]},"2":{"line":6,"type":"if","locations":[{"start":{"line":6,"column":12},"end":{"line":6,"column":12}},{"start":{"line":6,"column":12},"end":{"line":6,"column":12}}]}}},"/Users/chris/dev/nog/src/render/markdown.js":{"path":"/Users/chris/dev/nog/src/render/markdown.js","s":{"1":1,"2":1,"3":1,"4":1,"5":1,"6":48,"7":1,"8":47,"9":1,"10":47},"b":{"1":[1,47]},"f":{"1":48,"2":1},"fnMap":{"1":{"name":"(anonymous_1)","line":7,"loc":{"start":{"line":7,"column":17},"end":{"line":7,"column":52}}},"2":{"name":"(anonymous_2)","line":13,"loc":{"start":{"line":13,"column":23},"end":{"line":13,"column":39}}}},"statementMap":{"1":{"start":{"line":2,"column":0},"end":{"line":2,"column":26}},"2":{"start":{"line":3,"column":0},"end":{"line":3,"column":31}},"3":{"start":{"line":4,"column":0},"end":{"line":4,"column":40}},"4":{"start":{"line":5,"column":0},"end":{"line":5,"column":44}},"5":{"start":{"line":7,"column":0},"end":{"line":20,"column":2}},"6":{"start":{"line":9,"column":4},"end":{"line":18,"column":5}},"7":{"start":{"line":10,"column":8},"end":{"line":10,"column":88}},"8":{"start":{"line":12,"column":8},"end":{"line":16,"column":11}},"9":{"start":{"line":14,"column":16},"end":{"line":14,"column":59}},"10":{"start":{"line":17,"column":8},"end":{"line":17,"column":55}}},"branchMap":{"1":{"line":9,"type":"if","locations":[{"start":{"line":9,"column":4},"end":{"line":9,"column":4}},{"start":{"line":9,"column":4},"end":{"line":9,"column":4}}]}}},"/Users/chris/dev/nog/src/atomic/get_excerpt.js":{"path":"/Users/chris/dev/nog/src/atomic/get_excerpt.js","s":{"1":1,"2":1,"3":1,"4":1,"5":1,"6":25,"7":25,"8":25,"9":24,"10":24,"11":1,"12":1,"13":23,"14":23,"15":23,"16":1},"b":{"1":[24,1],"2":[25,4,4],"3":[1,23]},"f":{"1":25,"2":23},"fnMap":{"1":{"name":"(anonymous_1)","line":8,"loc":{"start":{"line":8,"column":17},"end":{"line":8,"column":56}}},"2":{"name":"(anonymous_2)","line":21,"loc":{"start":{"line":21,"column":39},"end":{"line":21,"column":61}}}},"statementMap":{"1":{"start":{"line":2,"column":0},"end":{"line":2,"column":26}},"2":{"start":{"line":3,"column":0},"end":{"line":3,"column":26}},"3":{"start":{"line":4,"column":0},"end":{"line":4,"column":44}},"4":{"start":{"line":6,"column":0},"end":{"line":6,"column":43}},"5":{"start":{"line":8,"column":0},"end":{"line":30,"column":2}},"6":{"start":{"line":9,"column":4},"end":{"line":9,"column":19}},"7":{"start":{"line":10,"column":4},"end":{"line":10,"column":16}},"8":{"start":{"line":12,"column":4},"end":{"line":29,"column":5}},"9":{"start":{"line":13,"column":8},"end":{"line":16,"column":11}},"10":{"start":{"line":17,"column":8},"end":{"line":25,"column":9}},"11":{"start":{"line":18,"column":12},"end":{"line":18,"column":85}},"12":{"start":{"line":19,"column":12},"end":{"line":19,"column":35}},"13":{"start":{"line":21,"column":12},"end":{"line":24,"column":15}},"14":{"start":{"line":22,"column":16},"end":{"line":22,"column":93}},"15":{"start":{"line":23,"column":16},"end":{"line":23,"column":39}},"16":{"start":{"line":28,"column":8},"end":{"line":28,"column":51}}},"branchMap":{"1":{"line":12,"type":"if","locations":[{"start":{"line":12,"column":4},"end":{"line":12,"column":4}},{"start":{"line":12,"column":4},"end":{"line":12,"column":4}}]},"2":{"line":12,"type":"binary-expr","locations":[{"start":{"line":12,"column":8},"end":{"line":12,"column":40}},{"start":{"line":12,"column":44},"end":{"line":12,"column":77}},{"start":{"line":12,"column":81},"end":{"line":12,"column":121}}]},"3":{"line":17,"type":"if","locations":[{"start":{"line":17,"column":8},"end":{"line":17,"column":8}},{"start":{"line":17,"column":8},"end":{"line":17,"column":8}}]}}},"/Users/chris/dev/nog/src/atomic/get_parent.js":{"path":"/Users/chris/dev/nog/src/atomic/get_parent.js","s":{"1":1,"2":1,"3":1,"4":1,"5":1,"6":25,"7":25,"8":25,"9":25,"10":25,"11":25,"12":25,"13":25,"14":20,"15":5,"16":10,"17":5,"18":5,"19":1,"20":4,"21":1,"22":3,"23":5},"b":{"1":[20,5],"2":[5,5],"3":[1,4],"4":[1,3],"5":[3,2]},"f":{"1":25,"2":10},"fnMap":{"1":{"name":"(anonymous_1)","line":7,"loc":{"start":{"line":7,"column":17},"end":{"line":7,"column":57}}},"2":{"name":"(anonymous_2)","line":17,"loc":{"start":{"line":17,"column":21},"end":{"line":17,"column":46}}}},"statementMap":{"1":{"start":{"line":1,"column":0},"end":{"line":1,"column":26}},"2":{"start":{"line":3,"column":0},"end":{"line":3,"column":33}},"3":{"start":{"line":4,"column":0},"end":{"line":4,"column":41}},"4":{"start":{"line":5,"column":0},"end":{"line":5,"column":47}},"5":{"start":{"line":7,"column":0},"end":{"line":24,"column":2}},"6":{"start":{"line":8,"column":4},"end":{"line":8,"column":14}},"7":{"start":{"line":9,"column":4},"end":{"line":9,"column":29}},"8":{"start":{"line":10,"column":4},"end":{"line":10,"column":18}},"9":{"start":{"line":11,"column":4},"end":{"line":11,"column":22}},"10":{"start":{"line":13,"column":4},"end":{"line":13,"column":26}},"11":{"start":{"line":14,"column":4},"end":{"line":14,"column":16}},"12":{"start":{"line":15,"column":4},"end":{"line":15,"column":32}},"13":{"start":{"line":16,"column":4},"end":{"line":16,"column":38}},"14":{"start":{"line":16,"column":26},"end":{"line":16,"column":38}},"15":{"start":{"line":17,"column":4},"end":{"line":22,"column":7}},"16":{"start":{"line":18,"column":8},"end":{"line":18,"column":58}},"17":{"start":{"line":18,"column":51},"end":{"line":18,"column":58}},"18":{"start":{"line":19,"column":8},"end":{"line":19,"column":71}},"19":{"start":{"line":19,"column":64},"end":{"line":19,"column":71}},"20":{"start":{"line":20,"column":8},"end":{"line":20,"column":60}},"21":{"start":{"line":20,"column":53},"end":{"line":20,"column":60}},"22":{"start":{"line":21,"column":8},"end":{"line":21,"column":33}},"23":{"start":{"line":23,"column":4},"end":{"line":23,"column":34}}},"branchMap":{"1":{"line":16,"type":"if","locations":[{"start":{"line":16,"column":4},"end":{"line":16,"column":4}},{"start":{"line":16,"column":4},"end":{"line":16,"column":4}}]},"2":{"line":18,"type":"if","locations":[{"start":{"line":18,"column":8},"end":{"line":18,"column":8}},{"start":{"line":18,"column":8},"end":{"line":18,"column":8}}]},"3":{"line":19,"type":"if","locations":[{"start":{"line":19,"column":8},"end":{"line":19,"column":8}},{"start":{"line":19,"column":8},"end":{"line":19,"column":8}}]},"4":{"line":20,"type":"if","locations":[{"start":{"line":20,"column":8},"end":{"line":20,"column":8}},{"start":{"line":20,"column":8},"end":{"line":20,"column":8}}]},"5":{"line":23,"type":"cond-expr","locations":[{"start":{"line":23,"column":20},"end":{"line":23,"column":26}},{"start":{"line":23,"column":29},"end":{"line":23,"column":33}}]}}},"/Users/chris/dev/nog/src/atomic/get_tags.js":{"path":"/Users/chris/dev/nog/src/atomic/get_tags.js","s":{"1":1,"2":1,"3":1,"4":30,"5":30,"6":30,"7":30,"8":30,"9":20,"10":10,"11":2,"12":8,"13":7,"14":1,"15":30,"16":20,"17":3,"18":17,"19":17,"20":1,"21":16,"22":16,"23":14,"24":14,"25":30},"b":{"1":[20,10],"2":[2,8],"3":[7,1],"4":[3,17],"5":[1,16],"6":[14,2]},"f":{"1":30,"2":20},"fnMap":{"1":{"name":"(anonymous_1)","line":6,"loc":{"start":{"line":6,"column":17},"end":{"line":6,"column":34}}},"2":{"name":"(anonymous_2)","line":28,"loc":{"start":{"line":28,"column":17},"end":{"line":28,"column":30}}}},"statementMap":{"1":{"start":{"line":2,"column":0},"end":{"line":2,"column":26}},"2":{"start":{"line":3,"column":0},"end":{"line":3,"column":26}},"3":{"start":{"line":6,"column":0},"end":{"line":41,"column":2}},"4":{"start":{"line":7,"column":4},"end":{"line":7,"column":13}},"5":{"start":{"line":8,"column":4},"end":{"line":8,"column":19}},"6":{"start":{"line":9,"column":4},"end":{"line":9,"column":20}},"7":{"start":{"line":10,"column":4},"end":{"line":10,"column":19}},"8":{"start":{"line":12,"column":4},"end":{"line":25,"column":5}},"9":{"start":{"line":13,"column":8},"end":{"line":13,"column":18}},"10":{"start":{"line":15,"column":8},"end":{"line":23,"column":9}},"11":{"start":{"line":16,"column":12},"end":{"line":16,"column":48}},"12":{"start":{"line":18,"column":12},"end":{"line":22,"column":13}},"13":{"start":{"line":19,"column":16},"end":{"line":19,"column":41}},"14":{"start":{"line":21,"column":16},"end":{"line":21,"column":26}},"15":{"start":{"line":28,"column":4},"end":{"line":37,"column":7}},"16":{"start":{"line":29,"column":8},"end":{"line":29,"column":38}},"17":{"start":{"line":29,"column":31},"end":{"line":29,"column":38}},"18":{"start":{"line":30,"column":8},"end":{"line":30,"column":30}},"19":{"start":{"line":31,"column":8},"end":{"line":31,"column":37}},"20":{"start":{"line":31,"column":30},"end":{"line":31,"column":37}},"21":{"start":{"line":32,"column":8},"end":{"line":32,"column":40}},"22":{"start":{"line":33,"column":8},"end":{"line":36,"column":9}},"23":{"start":{"line":34,"column":12},"end":{"line":34,"column":36}},"24":{"start":{"line":35,"column":12},"end":{"line":35,"column":28}},"25":{"start":{"line":39,"column":4},"end":{"line":39,"column":17}}},"branchMap":{"1":{"line":12,"type":"if","locations":[{"start":{"line":12,"column":4},"end":{"line":12,"column":4}},{"start":{"line":12,"column":4},"end":{"line":12,"column":4}}]},"2":{"line":15,"type":"if","locations":[{"start":{"line":15,"column":8},"end":{"line":15,"column":8}},{"start":{"line":15,"column":8},"end":{"line":15,"column":8}}]},"3":{"line":18,"type":"if","locations":[{"start":{"line":18,"column":12},"end":{"line":18,"column":12}},{"start":{"line":18,"column":12},"end":{"line":18,"column":12}}]},"4":{"line":29,"type":"if","locations":[{"start":{"line":29,"column":8},"end":{"line":29,"column":8}},{"start":{"line":29,"column":8},"end":{"line":29,"column":8}}]},"5":{"line":31,"type":"if","locations":[{"start":{"line":31,"column":8},"end":{"line":31,"column":8}},{"start":{"line":31,"column":8},"end":{"line":31,"column":8}}]},"6":{"line":33,"type":"if","locations":[{"start":{"line":33,"column":8},"end":{"line":33,"column":8}},{"start":{"line":33,"column":8},"end":{"line":33,"column":8}}]}}},"/Users/chris/dev/nog/src/atomic/get_template.js":{"path":"/Users/chris/dev/nog/src/atomic/get_template.js","s":{"1":1,"2":1,"3":1,"4":25,"5":25,"6":25,"7":3,"8":25},"b":{"1":[3,22],"2":[25,3,3]},"f":{"1":25},"fnMap":{"1":{"name":"(anonymous_1)","line":6,"loc":{"start":{"line":6,"column":17},"end":{"line":6,"column":40}}}},"statementMap":{"1":{"start":{"line":2,"column":0},"end":{"line":2,"column":26}},"2":{"start":{"line":4,"column":0},"end":{"line":4,"column":37}},"3":{"start":{"line":6,"column":0},"end":{"line":13,"column":2}},"4":{"start":{"line":7,"column":4},"end":{"line":7,"column":39}},"5":{"start":{"line":8,"column":4},"end":{"line":8,"column":58}},"6":{"start":{"line":9,"column":4},"end":{"line":11,"column":5}},"7":{"start":{"line":10,"column":8},"end":{"line":10,"column":48}},"8":{"start":{"line":12,"column":4},"end":{"line":12,"column":20}}},"branchMap":{"1":{"line":9,"type":"if","locations":[{"start":{"line":9,"column":4},"end":{"line":9,"column":4}},{"start":{"line":9,"column":4},"end":{"line":9,"column":4}}]},"2":{"line":9,"type":"binary-expr","locations":[{"start":{"line":9,"column":8},"end":{"line":9,"column":39}},{"start":{"line":9,"column":43},"end":{"line":9,"column":76}},{"start":{"line":9,"column":80},"end":{"line":9,"column":119}}]}}},"/Users/chris/dev/nog/src/atomic/get_type.js":{"path":"/Users/chris/dev/nog/src/atomic/get_type.js","s":{"1":1,"2":1,"3":1,"4":51,"5":51,"6":51,"7":51,"8":40,"9":11,"10":11,"11":10,"12":3,"13":7,"14":1,"15":51},"b":{"1":[40,11],"2":[10,1],"3":[3,7]},"f":{"1":51},"fnMap":{"1":{"name":"(anonymous_1)","line":7,"loc":{"start":{"line":7,"column":17},"end":{"line":7,"column":40}}}},"statementMap":{"1":{"start":{"line":3,"column":0},"end":{"line":3,"column":33}},"2":{"start":{"line":4,"column":0},"end":{"line":4,"column":71}},"3":{"start":{"line":7,"column":0},"end":{"line":26,"column":2}},"4":{"start":{"line":8,"column":4},"end":{"line":8,"column":25}},"5":{"start":{"line":9,"column":4},"end":{"line":9,"column":13}},"6":{"start":{"line":10,"column":4},"end":{"line":10,"column":29}},"7":{"start":{"line":11,"column":4},"end":{"line":24,"column":5}},"8":{"start":{"line":12,"column":8},"end":{"line":12,"column":23}},"9":{"start":{"line":14,"column":8},"end":{"line":14,"column":54}},"10":{"start":{"line":15,"column":8},"end":{"line":23,"column":9}},"11":{"start":{"line":16,"column":12},"end":{"line":20,"column":13}},"12":{"start":{"line":17,"column":16},"end":{"line":17,"column":30}},"13":{"start":{"line":19,"column":16},"end":{"line":19,"column":30}},"14":{"start":{"line":22,"column":12},"end":{"line":22,"column":26}},"15":{"start":{"line":25,"column":4},"end":{"line":25,"column":16}}},"branchMap":{"1":{"line":11,"type":"if","locations":[{"start":{"line":11,"column":4},"end":{"line":11,"column":4}},{"start":{"line":11,"column":4},"end":{"line":11,"column":4}}]},"2":{"line":15,"type":"if","locations":[{"start":{"line":15,"column":8},"end":{"line":15,"column":8}},{"start":{"line":15,"column":8},"end":{"line":15,"column":8}}]},"3":{"line":16,"type":"if","locations":[{"start":{"line":16,"column":12},"end":{"line":16,"column":12}},{"start":{"line":16,"column":12},"end":{"line":16,"column":12}}]}}},"/Users/chris/dev/nog/src/atomic/get_uri.js":{"path":"/Users/chris/dev/nog/src/atomic/get_uri.js","s":{"1":1,"2":1,"3":1,"4":51,"5":51,"6":51,"7":23,"8":51},"b":{"1":[23,28]},"f":{"1":51},"fnMap":{"1":{"name":"(anonymous_1)","line":6,"loc":{"start":{"line":6,"column":17},"end":{"line":6,"column":40}}}},"statementMap":{"1":{"start":{"line":3,"column":0},"end":{"line":3,"column":33}},"2":{"start":{"line":4,"column":0},"end":{"line":4,"column":62}},"3":{"start":{"line":6,"column":0},"end":{"line":13,"column":2}},"4":{"start":{"line":7,"column":4},"end":{"line":7,"column":29}},"5":{"start":{"line":8,"column":4},"end":{"line":8,"column":19}},"6":{"start":{"line":9,"column":4},"end":{"line":11,"column":5}},"7":{"start":{"line":10,"column":8},"end":{"line":10,"column":23}},"8":{"start":{"line":12,"column":4},"end":{"line":12,"column":51}}},"branchMap":{"1":{"line":9,"type":"if","locations":[{"start":{"line":9,"column":4},"end":{"line":9,"column":4}},{"start":{"line":9,"column":4},"end":{"line":9,"column":4}}]}}},"/Users/chris/dev/nog/src/atomic/read_all.js":{"path":"/Users/chris/dev/nog/src/atomic/read_all.js","s":{"1":1,"2":1,"3":1,"4":1,"5":1,"6":3,"7":3,"8":3,"9":3,"10":3,"11":3,"12":3,"13":3,"14":3,"15":6,"16":6,"17":6,"18":6,"19":3},"b":{},"f":{"1":3,"2":3,"3":3,"4":3,"5":6,"6":6,"7":3},"fnMap":{"1":{"name":"(anonymous_1)","line":8,"loc":{"start":{"line":8,"column":17},"end":{"line":8,"column":42}}},"2":{"name":"(anonymous_2)","line":15,"loc":{"start":{"line":15,"column":12},"end":{"line":15,"column":30}}},"3":{"name":"(anonymous_3)","line":17,"loc":{"start":{"line":17,"column":24},"end":{"line":17,"column":45}}},"4":{"name":"(anonymous_4)","line":22,"loc":{"start":{"line":22,"column":12},"end":{"line":22,"column":30}}},"5":{"name":"(anonymous_5)","line":25,"loc":{"start":{"line":25,"column":20},"end":{"line":25,"column":53}}},"6":{"name":"(anonymous_6)","line":27,"loc":{"start":{"line":27,"column":51},"end":{"line":27,"column":72}}},"7":{"name":"(anonymous_7)","line":36,"loc":{"start":{"line":36,"column":8},"end":{"line":36,"column":21}}}},"statementMap":{"1":{"start":{"line":2,"column":0},"end":{"line":2,"column":27}},"2":{"start":{"line":3,"column":0},"end":{"line":3,"column":29}},"3":{"start":{"line":4,"column":0},"end":{"line":4,"column":27}},"4":{"start":{"line":6,"column":0},"end":{"line":6,"column":29}},"5":{"start":{"line":8,"column":0},"end":{"line":41,"column":2}},"6":{"start":{"line":9,"column":4},"end":{"line":9,"column":14}},"7":{"start":{"line":10,"column":4},"end":{"line":10,"column":22}},"8":{"start":{"line":11,"column":4},"end":{"line":11,"column":73}},"9":{"start":{"line":13,"column":4},"end":{"line":39,"column":6}},"10":{"start":{"line":16,"column":16},"end":{"line":16,"column":66}},"11":{"start":{"line":17,"column":16},"end":{"line":20,"column":18}},"12":{"start":{"line":18,"column":20},"end":{"line":18,"column":35}},"13":{"start":{"line":19,"column":20},"end":{"line":19,"column":34}},"14":{"start":{"line":23,"column":16},"end":{"line":33,"column":18}},"15":{"start":{"line":26,"column":24},"end":{"line":26,"column":92}},"16":{"start":{"line":27,"column":24},"end":{"line":30,"column":27}},"17":{"start":{"line":28,"column":28},"end":{"line":28,"column":61}},"18":{"start":{"line":29,"column":28},"end":{"line":29,"column":42}},"19":{"start":{"line":37,"column":12},"end":{"line":37,"column":36}}},"branchMap":{}},"/Users/chris/dev/nog/src/atomic/read.js":{"path":"/Users/chris/dev/nog/src/atomic/read.js","s":{"1":1,"2":1,"3":1,"4":1,"5":1,"6":14,"7":14,"8":14,"9":13,"10":14,"11":14,"12":14,"13":14,"14":1,"15":13,"16":13,"17":13,"18":13,"19":13,"20":14},"b":{"1":[14,1],"2":[14,1],"3":[1,13]},"f":{"1":14,"2":14,"3":13,"4":14},"fnMap":{"1":{"name":"(anonymous_1)","line":8,"loc":{"start":{"line":8,"column":17},"end":{"line":8,"column":58}}},"2":{"name":"(anonymous_2)","line":12,"loc":{"start":{"line":12,"column":12},"end":{"line":12,"column":30}}},"3":{"name":"(anonymous_3)","line":15,"loc":{"start":{"line":15,"column":12},"end":{"line":15,"column":30}}},"4":{"name":"(anonymous_4)","line":19,"loc":{"start":{"line":19,"column":8},"end":{"line":19,"column":30}}}},"statementMap":{"1":{"start":{"line":2,"column":0},"end":{"line":2,"column":27}},"2":{"start":{"line":3,"column":0},"end":{"line":3,"column":29}},"3":{"start":{"line":4,"column":0},"end":{"line":4,"column":29}},"4":{"start":{"line":5,"column":0},"end":{"line":5,"column":45}},"5":{"start":{"line":8,"column":0},"end":{"line":37,"column":2}},"6":{"start":{"line":9,"column":4},"end":{"line":9,"column":73}},"7":{"start":{"line":10,"column":4},"end":{"line":35,"column":5}},"8":{"start":{"line":13,"column":16},"end":{"line":13,"column":49}},"9":{"start":{"line":16,"column":16},"end":{"line":16,"column":53}},"10":{"start":{"line":20,"column":12},"end":{"line":20,"column":40}},"11":{"start":{"line":21,"column":12},"end":{"line":21,"column":47}},"12":{"start":{"line":22,"column":12},"end":{"line":22,"column":24}},"13":{"start":{"line":23,"column":12},"end":{"line":31,"column":13}},"14":{"start":{"line":24,"column":16},"end":{"line":24,"column":31}},"15":{"start":{"line":26,"column":16},"end":{"line":26,"column":29}},"16":{"start":{"line":27,"column":16},"end":{"line":27,"column":64}},"17":{"start":{"line":28,"column":16},"end":{"line":28,"column":54}},"18":{"start":{"line":29,"column":16},"end":{"line":29,"column":88}},"19":{"start":{"line":30,"column":16},"end":{"line":30,"column":36}},"20":{"start":{"line":33,"column":12},"end":{"line":33,"column":35}}},"branchMap":{"1":{"line":20,"type":"binary-expr","locations":[{"start":{"line":20,"column":23},"end":{"line":20,"column":33}},{"start":{"line":20,"column":37},"end":{"line":20,"column":39}}]},"2":{"line":21,"type":"binary-expr","locations":[{"start":{"line":21,"column":30},"end":{"line":21,"column":40}},{"start":{"line":21,"column":44},"end":{"line":21,"column":46}}]},"3":{"line":23,"type":"if","locations":[{"start":{"line":23,"column":12},"end":{"line":23,"column":12}},{"start":{"line":23,"column":12},"end":{"line":23,"column":12}}]}}},"/Users/chris/dev/nog/src/site_json/read.js":{"path":"/Users/chris/dev/nog/src/site_json/read.js","s":{"1":1,"2":1,"3":1,"4":1,"5":1,"6":1,"7":8,"8":8,"9":8,"10":8,"11":8,"12":8,"13":1,"14":1,"15":8},"b":{"1":[1,7],"2":[8,2]},"f":{"1":8,"2":8,"3":8,"4":8},"fnMap":{"1":{"name":"(anonymous_1)","line":9,"loc":{"start":{"line":9,"column":17},"end":{"line":9,"column":43}}},"2":{"name":"(anonymous_2)","line":12,"loc":{"start":{"line":12,"column":12},"end":{"line":12,"column":30}}},"3":{"name":"(anonymous_3)","line":15,"loc":{"start":{"line":15,"column":12},"end":{"line":15,"column":30}}},"4":{"name":"(anonymous_4)","line":19,"loc":{"start":{"line":19,"column":8},"end":{"line":19,"column":30}}}},"statementMap":{"1":{"start":{"line":2,"column":0},"end":{"line":2,"column":29}},"2":{"start":{"line":3,"column":0},"end":{"line":3,"column":26}},"3":{"start":{"line":5,"column":0},"end":{"line":5,"column":45}},"4":{"start":{"line":6,"column":0},"end":{"line":6,"column":39}},"5":{"start":{"line":7,"column":0},"end":{"line":7,"column":31}},"6":{"start":{"line":9,"column":0},"end":{"line":30,"column":2}},"7":{"start":{"line":10,"column":4},"end":{"line":29,"column":6}},"8":{"start":{"line":13,"column":16},"end":{"line":13,"column":39}},"9":{"start":{"line":16,"column":16},"end":{"line":16,"column":43}},"10":{"start":{"line":20,"column":12},"end":{"line":20,"column":26}},"11":{"start":{"line":21,"column":12},"end":{"line":21,"column":61}},"12":{"start":{"line":22,"column":12},"end":{"line":25,"column":13}},"13":{"start":{"line":23,"column":16},"end":{"line":23,"column":86}},"14":{"start":{"line":24,"column":16},"end":{"line":24,"column":32}},"15":{"start":{"line":26,"column":12},"end":{"line":26,"column":34}}},"branchMap":{"1":{"line":22,"type":"if","locations":[{"start":{"line":22,"column":12},"end":{"line":22,"column":12}},{"start":{"line":22,"column":12},"end":{"line":22,"column":12}}]},"2":{"line":22,"type":"binary-expr","locations":[{"start":{"line":22,"column":16},"end":{"line":22,"column":21}},{"start":{"line":22,"column":25},"end":{"line":22,"column":41}}]}}},"/Users/chris/dev/nog/src/site_json/read_default.js":{"path":"/Users/chris/dev/nog/src/site_json/read_default.js","s":{"1":1,"2":9},"b":{},"f":{"1":9},"fnMap":{"1":{"name":"(anonymous_1)","line":1,"loc":{"start":{"line":1,"column":17},"end":{"line":1,"column":35}}}},"statementMap":{"1":{"start":{"line":1,"column":0},"end":{"line":29,"column":2}},"2":{"start":{"line":2,"column":4},"end":{"line":28,"column":7}}},"branchMap":{}},"/Users/chris/dev/nog/src/site_json/read_user.js":{"path":"/Users/chris/dev/nog/src/site_json/read_user.js","s":{"1":1,"2":1,"3":1,"4":1,"5":12,"6":12,"7":12,"8":6,"9":3,"10":3,"11":6,"12":12},"b":{"1":[6,6],"2":[3,3]},"f":{"1":12,"2":12},"fnMap":{"1":{"name":"(anonymous_1)","line":6,"loc":{"start":{"line":6,"column":17},"end":{"line":6,"column":43}}},"2":{"name":"(anonymous_2)","line":8,"loc":{"start":{"line":8,"column":19},"end":{"line":8,"column":42}}}},"statementMap":{"1":{"start":{"line":2,"column":0},"end":{"line":2,"column":27}},"2":{"start":{"line":3,"column":0},"end":{"line":3,"column":29}},"3":{"start":{"line":4,"column":0},"end":{"line":4,"column":26}},"4":{"start":{"line":6,"column":0},"end":{"line":19,"column":2}},"5":{"start":{"line":7,"column":4},"end":{"line":7,"column":66}},"6":{"start":{"line":8,"column":4},"end":{"line":18,"column":7}},"7":{"start":{"line":9,"column":8},"end":{"line":16,"column":9}},"8":{"start":{"line":10,"column":12},"end":{"line":13,"column":13}},"9":{"start":{"line":11,"column":16},"end":{"line":11,"column":83}},"10":{"start":{"line":12,"column":16},"end":{"line":12,"column":28}},"11":{"start":{"line":15,"column":12},"end":{"line":15,"column":24}},"12":{"start":{"line":17,"column":8},"end":{"line":17,"column":30}}},"branchMap":{"1":{"line":9,"type":"if","locations":[{"start":{"line":9,"column":8},"end":{"line":9,"column":8}},{"start":{"line":9,"column":8},"end":{"line":9,"column":8}}]},"2":{"line":10,"type":"if","locations":[{"start":{"line":10,"column":12},"end":{"line":10,"column":12}},{"start":{"line":10,"column":12},"end":{"line":10,"column":12}}]}}},"/Users/chris/dev/nog/src/site_json/merge.js":{"path":"/Users/chris/dev/nog/src/site_json/merge.js","s":{"1":1,"2":1,"3":1,"4":1,"5":332,"6":332,"7":332,"8":1328,"9":54,"10":40,"11":40,"12":14,"13":1274,"14":332,"15":996,"16":2988,"17":2988,"18":117,"19":90,"20":90,"21":27,"22":2871,"23":332,"24":996,"25":24,"26":18,"27":18,"28":6,"29":972,"30":332,"31":664,"32":28,"33":24,"34":24,"35":4,"36":636,"37":332,"38":15,"39":15,"40":8,"41":7,"42":7,"43":6,"44":4,"45":15,"46":12,"47":12,"48":3,"49":317,"50":332,"51":664,"52":29,"53":29,"54":23,"55":23,"56":6,"57":635,"58":332,"59":12,"60":10,"61":10,"62":2,"63":320,"64":332,"65":15,"66":15,"67":8,"68":7,"69":7,"70":2,"71":15,"72":5,"73":10,"74":10,"75":317,"76":332,"77":9,"78":9,"79":7,"80":2,"81":4,"82":1,"83":9,"84":1,"85":8,"86":8,"87":323,"88":332},"b":{"1":[54,1274],"2":[40,14],"3":[54,22],"4":[117,2871],"5":[90,27],"6":[117,45],"7":[24,972],"8":[18,6],"9":[28,636],"10":[24,4],"11":[28,12],"12":[15,317],"13":[8,7],"14":[6,1],"15":[4,2],"16":[12,3],"17":[29,635],"18":[23,6],"19":[29,10],"20":[12,320],"21":[10,2],"22":[12,4],"23":[15,317],"24":[8,7],"25":[2,5],"26":[5,10],"27":[9,323],"28":[7,2],"29":[1,3],"30":[1,8]},"f":{"1":332,"2":1328,"3":996,"4":2988,"5":996,"6":664,"7":664,"8":4},"fnMap":{"1":{"name":"(anonymous_1)","line":8,"loc":{"start":{"line":8,"column":17},"end":{"line":8,"column":47}}},"2":{"name":"(anonymous_2)","line":13,"loc":{"start":{"line":13,"column":80},"end":{"line":13,"column":93}}},"3":{"name":"(anonymous_3)","line":28,"loc":{"start":{"line":28,"column":37},"end":{"line":28,"column":55}}},"4":{"name":"(anonymous_4)","line":29,"loc":{"start":{"line":29,"column":42},"end":{"line":29,"column":63}}},"5":{"name":"(anonymous_5)","line":45,"loc":{"start":{"line":45,"column":91},"end":{"line":45,"column":104}}},"6":{"name":"(anonymous_6)","line":59,"loc":{"start":{"line":59,"column":56},"end":{"line":59,"column":69}}},"7":{"name":"(anonymous_7)","line":98,"loc":{"start":{"line":98,"column":58},"end":{"line":98,"column":71}}},"8":{"name":"(anonymous_8)","line":151,"loc":{"start":{"line":151,"column":44},"end":{"line":151,"column":57}}}},"statementMap":{"1":{"start":{"line":2,"column":0},"end":{"line":2,"column":26}},"2":{"start":{"line":3,"column":0},"end":{"line":3,"column":44}},"3":{"start":{"line":5,"column":0},"end":{"line":5,"column":54}},"4":{"start":{"line":8,"column":0},"end":{"line":169,"column":2}},"5":{"start":{"line":9,"column":4},"end":{"line":9,"column":20}},"6":{"start":{"line":10,"column":4},"end":{"line":10,"column":14}},"7":{"start":{"line":13,"column":4},"end":{"line":24,"column":7}},"8":{"start":{"line":14,"column":8},"end":{"line":23,"column":9}},"9":{"start":{"line":15,"column":12},"end":{"line":20,"column":13}},"10":{"start":{"line":16,"column":16},"end":{"line":16,"column":97}},"11":{"start":{"line":17,"column":16},"end":{"line":17,"column":44}},"12":{"start":{"line":19,"column":16},"end":{"line":19,"column":47}},"13":{"start":{"line":22,"column":12},"end":{"line":22,"column":40}},"14":{"start":{"line":28,"column":4},"end":{"line":42,"column":7}},"15":{"start":{"line":29,"column":8},"end":{"line":41,"column":10}},"16":{"start":{"line":30,"column":12},"end":{"line":30,"column":77}},"17":{"start":{"line":31,"column":12},"end":{"line":40,"column":13}},"18":{"start":{"line":32,"column":16},"end":{"line":37,"column":17}},"19":{"start":{"line":33,"column":20},"end":{"line":33,"column":101}},"20":{"start":{"line":34,"column":20},"end":{"line":34,"column":48}},"21":{"start":{"line":36,"column":20},"end":{"line":36,"column":51}},"22":{"start":{"line":39,"column":16},"end":{"line":39,"column":44}},"23":{"start":{"line":45,"column":4},"end":{"line":56,"column":7}},"24":{"start":{"line":46,"column":8},"end":{"line":55,"column":9}},"25":{"start":{"line":47,"column":12},"end":{"line":52,"column":13}},"26":{"start":{"line":48,"column":16},"end":{"line":48,"column":97}},"27":{"start":{"line":49,"column":16},"end":{"line":49,"column":44}},"28":{"start":{"line":51,"column":16},"end":{"line":51,"column":40}},"29":{"start":{"line":54,"column":12},"end":{"line":54,"column":40}},"30":{"start":{"line":59,"column":4},"end":{"line":70,"column":7}},"31":{"start":{"line":60,"column":8},"end":{"line":69,"column":9}},"32":{"start":{"line":61,"column":12},"end":{"line":66,"column":13}},"33":{"start":{"line":62,"column":16},"end":{"line":62,"column":96}},"34":{"start":{"line":63,"column":16},"end":{"line":63,"column":44}},"35":{"start":{"line":65,"column":16},"end":{"line":65,"column":47}},"36":{"start":{"line":68,"column":12},"end":{"line":68,"column":40}},"37":{"start":{"line":72,"column":4},"end":{"line":92,"column":5}},"38":{"start":{"line":73,"column":8},"end":{"line":73,"column":21}},"39":{"start":{"line":74,"column":8},"end":{"line":83,"column":9}},"40":{"start":{"line":75,"column":12},"end":{"line":75,"column":26}},"41":{"start":{"line":77,"column":12},"end":{"line":77,"column":69}},"42":{"start":{"line":78,"column":12},"end":{"line":82,"column":13}},"43":{"start":{"line":79,"column":16},"end":{"line":81,"column":17}},"44":{"start":{"line":80,"column":20},"end":{"line":80,"column":34}},"45":{"start":{"line":84,"column":8},"end":{"line":89,"column":9}},"46":{"start":{"line":85,"column":12},"end":{"line":85,"column":131}},"47":{"start":{"line":86,"column":12},"end":{"line":86,"column":68}},"48":{"start":{"line":88,"column":12},"end":{"line":88,"column":64}},"49":{"start":{"line":91,"column":8},"end":{"line":91,"column":64}},"50":{"start":{"line":98,"column":4},"end":{"line":110,"column":7}},"51":{"start":{"line":99,"column":8},"end":{"line":109,"column":9}},"52":{"start":{"line":100,"column":12},"end":{"line":100,"column":42}},"53":{"start":{"line":101,"column":12},"end":{"line":106,"column":13}},"54":{"start":{"line":102,"column":16},"end":{"line":102,"column":123}},"55":{"start":{"line":103,"column":16},"end":{"line":103,"column":44}},"56":{"start":{"line":105,"column":16},"end":{"line":105,"column":34}},"57":{"start":{"line":108,"column":12},"end":{"line":108,"column":40}},"58":{"start":{"line":113,"column":4},"end":{"line":122,"column":5}},"59":{"start":{"line":114,"column":8},"end":{"line":119,"column":9}},"60":{"start":{"line":115,"column":12},"end":{"line":115,"column":86}},"61":{"start":{"line":116,"column":12},"end":{"line":116,"column":38}},"62":{"start":{"line":118,"column":12},"end":{"line":118,"column":59}},"63":{"start":{"line":121,"column":8},"end":{"line":121,"column":34}},"64":{"start":{"line":125,"column":4},"end":{"line":143,"column":5}},"65":{"start":{"line":126,"column":8},"end":{"line":126,"column":22}},"66":{"start":{"line":127,"column":8},"end":{"line":134,"column":9}},"67":{"start":{"line":128,"column":12},"end":{"line":128,"column":26}},"68":{"start":{"line":130,"column":12},"end":{"line":130,"column":68}},"69":{"start":{"line":131,"column":12},"end":{"line":133,"column":13}},"70":{"start":{"line":132,"column":16},"end":{"line":132,"column":30}},"71":{"start":{"line":135,"column":8},"end":{"line":140,"column":9}},"72":{"start":{"line":136,"column":12},"end":{"line":136,"column":40}},"73":{"start":{"line":138,"column":12},"end":{"line":138,"column":95}},"74":{"start":{"line":139,"column":12},"end":{"line":139,"column":44}},"75":{"start":{"line":142,"column":8},"end":{"line":142,"column":40}},"76":{"start":{"line":146,"column":4},"end":{"line":165,"column":5}},"77":{"start":{"line":147,"column":8},"end":{"line":147,"column":22}},"78":{"start":{"line":148,"column":8},"end":{"line":156,"column":9}},"79":{"start":{"line":149,"column":12},"end":{"line":149,"column":26}},"80":{"start":{"line":151,"column":12},"end":{"line":155,"column":15}},"81":{"start":{"line":152,"column":16},"end":{"line":154,"column":17}},"82":{"start":{"line":153,"column":20},"end":{"line":153,"column":34}},"83":{"start":{"line":157,"column":8},"end":{"line":162,"column":9}},"84":{"start":{"line":158,"column":12},"end":{"line":158,"column":64}},"85":{"start":{"line":160,"column":12},"end":{"line":16
[...]
":161,"column":68}},"87":{"start":{"line":164,"column":8},"end":{"line":164,"column":64}},"88":{"start":{"line":167,"column":4},"end":{"line":167,"column":18}}},"branchMap":{"1":{"line":14,"type":"if","locations":[{"start":{"line":14,"column":8},"end":{"line":14,"column":8}},{"start":{"line":14,"column":8},"end":{"line":14,"column":8}}]},"2":{"line":15,"type":"if","locations":[{"start":{"line":15,"column":12},"end":{"line":15,"column":12}},{"start":{"line":15,"column":12},"end":{"line":15,"column":12}}]},"3":{"line":15,"type":"binary-expr","locations":[{"start":{"line":15,"column":16},"end":{"line":15,"column":38}},{"start":{"line":15,"column":42},"end":{"line":15,"column":71}}]},"4":{"line":31,"type":"if","locations":[{"start":{"line":31,"column":12},"end":{"line":31,"column":12}},{"start":{"line":31,"column":12},"end":{"line":31,"column":12}}]},"5":{"line":32,"type":"if","locations":[{"start":{"line":32,"column":16},"end":{"line":32,"column":16}},{"start":{"line":32,"column":16},"end":{"line":32,"column":16}}]},"6":{"line":32,"type":"binary-expr","locations":[{"start":{"line":32,"column":20},"end":{"line":32,"column":42}},{"start":{"line":32,"column":46},"end":{"line":32,"column":75}}]},"7":{"line":46,"type":"if","locations":[{"start":{"line":46,"column":8},"end":{"line":46,"column":8}},{"start":{"line":46,"column":8},"end":{"line":46,"column":8}}]},"8":{"line":47,"type":"if","locations":[{"start":{"line":47,"column":12},"end":{"line":47,"column":12}},{"start":{"line":47,"column":12},"end":{"line":47,"column":12}}]},"9":{"line":60,"type":"if","locations":[{"start":{"line":60,"column":8},"end":{"line":60,"column":8}},{"start":{"line":60,"column":8},"end":{"line":60,"column":8}}]},"10":{"line":61,"type":"if","locations":[{"start":{"line":61,"column":12},"end":{"line":61,"column":12}},{"start":{"line":61,"column":12},"end":{"line":61,"column":12}}]},"11":{"line":61,"type":"binary-expr","locations":[{"start":{"line":61,"column":16},"end":{"line":61,"column":38}},{"start":{"line":61,"column":42},"end":{"line":61,"column":68}}]},"12":{"line":72,"type":"if","locations":[{"start":{"line":72,"column":4},"end":{"line":72,"column":4}},{"start":{"line":72,"column":4},"end":{"line":72,"column":4}}]},"13":{"line":74,"type":"if","locations":[{"start":{"line":74,"column":8},"end":{"line":74,"column":8}},{"start":{"line":74,"column":8},"end":{"line":74,"column":8}}]},"14":{"line":78,"type":"if","locations":[{"start":{"line":78,"column":12},"end":{"line":78,"column":12}},{"start":{"line":78,"column":12},"end":{"line":78,"column":12}}]},"15":{"line":79,"type":"if","locations":[{"start":{"line":79,"column":16},"end":{"line":79,"column":16}},{"start":{"line":79,"column":16},"end":{"line":79,"column":16}}]},"16":{"line":84,"type":"if","locations":[{"start":{"line":84,"column":8},"end":{"line":84,"column":8}},{"start":{"line":84,"column":8},"end":{"line":84,"column":8}}]},"17":{"line":99,"type":"if","locations":[{"start":{"line":99,"column":8},"end":{"line":99,"column":8}},{"start":{"line":99,"column":8},"end":{"line":99,"column":8}}]},"18":{"line":101,"type":"if","locations":[{"start":{"line":101,"column":12},"end":{"line":101,"column":12}},{"start":{"line":101,"column":12},"end":{"line":101,"column":12}}]},"19":{"line":101,"type":"binary-expr","locations":[{"start":{"line":101,"column":16},"end":{"line":101,"column":26}},{"start":{"line":101,"column":30},"end":{"line":101,"column":37}}]},"20":{"line":113,"type":"if","locations":[{"start":{"line":113,"column":4},"end":{"line":113,"column":4}},{"start":{"line":113,"column":4},"end":{"line":113,"column":4}}]},"21":{"line":114,"type":"if","locations":[{"start":{"line":114,"column":8},"end":{"line":114,"column":8}},{"start":{"line":114,"column":8},"end":{"line":114,"column":8}}]},"22":{"line":114,"type":"binary-expr","locations":[{"start":{"line":114,"column":12},"end":{"line":114,"column":33}},{"start":{"line":114,"column":37},"end":{"line":114,"column":75}}]},"23":{"line":125,"type":"if","locations":[{"start":{"line":125,"column":4},"end":{"line":125,"column":4}},{"start":{"line":125,"column":4},"end":{"line":125,"column":4}}]},"24":{"line":127,"type":"if","locations":[{"start":{"line":127,"column":8},"end":{"line":127,"column":8}},{"start":{"line":127,"column":8},"end":{"line":127,"column":8}}]},"25":{"line":131,"type":"if","locations":[{"start":{"line":131,"column":12},"end":{"line":131,"column":12}},{"start":{"line":131,"column":12},"end":{"line":131,"column":12}}]},"26":{"line":135,"type":"if","locations":[{"start":{"line":135,"column":8},"end":{"line":135,"column":8}},{"start":{"line":135,"column":8},"end":{"line":135,"column":8}}]},"27":{"line":146,"type":"if","locations":[{"start":{"line":146,"column":4},"end":{"line":146,"column":4}},{"start":{"line":146,"column":4},"end":{"line":146,"column":4}}]},"28":{"line":148,"type":"if","locations":[{"start":{"line":148,"column":8},"end":{"line":148,"column":8}},{"start":{"line":148,"column":8},"end":{"line":148,"column":8}}]},"29":{"line":152,"type":"if","locations":[{"start":{"line":152,"column":16},"end":{"line":152,"column":16}},{"start":{"line":152,"column":16},"end":{"line":152,"column":16}}]},"30":{"line":157,"type":"if","locations":[{"start":{"line":157,"column":8},"end":{"line":157,"column":8}},{"start":{"line":157,"column":8},"end":{"line":157,"column":8}}]}}},"/Users/chris/dev/nog/src/atomic/populate.js":{"path":"/Users/chris/dev/nog/src/atomic/populate.js","s":{"1":1,"2":1,"3":1,"4":1,"5":1,"6":1,"7":1,"8":1,"9":1,"10":1,"11":1,"12":1,"13":1,"14":1,"15":1,"16":1,"17":1,"18":1,"19":19,"20":19,"21":19,"22":19,"23":19,"24":19,"25":19,"26":19,"27":19,"28":19,"29":19,"30":19,"31":19,"32":19,"33":19,"34":19,"35":19,"36":19,"37":19,"38":19,"39":19},"b":{},"f":{"1":19,"2":19,"3":19,"4":19,"5":19},"fnMap":{"1":{"name":"(anonymous_1)","line":23,"loc":{"start":{"line":23,"column":17},"end":{"line":23,"column":67}}},"2":{"name":"(anonymous_2)","line":42,"loc":{"start":{"line":42,"column":12},"end":{"line":42,"column":30}}},"3":{"name":"(anonymous_3)","line":43,"loc":{"start":{"line":43,"column":43},"end":{"line":43,"column":64}}},"4":{"name":"(anonymous_4)","line":48,"loc":{"start":{"line":48,"column":12},"end":{"line":48,"column":30}}},"5":{"name":"(anonymous_5)","line":49,"loc":{"start":{"line":49,"column":60},"end":{"line":49,"column":81}}}},"statementMap":{"1":{"start":{"line":2,"column":0},"end":{"line":2,"column":29}},"2":{"start":{"line":4,"column":0},"end":{"line":4,"column":33}},"3":{"start":{"line":5,"column":0},"end":{"line":5,"column":37}},"4":{"start":{"line":6,"column":0},"end":{"line":6,"column":35}},"5":{"start":{"line":7,"column":0},"end":{"line":7,"column":45}},"6":{"start":{"line":8,"column":0},"end":{"line":8,"column":39}},"7":{"start":{"line":9,"column":0},"end":{"line":9,"column":37}},"8":{"start":{"line":10,"column":0},"end":{"line":10,"column":47}},"9":{"start":{"line":11,"column":0},"end":{"line":11,"column":37}},"10":{"start":{"line":12,"column":0},"end":{"line":12,"column":45}},"11":{"start":{"line":13,"column":0},"end":{"line":13,"column":41}},"12":{"start":{"line":14,"column":0},"end":{"line":14,"column":45}},"13":{"start":{"line":15,"column":0},"end":{"line":15,"column":43}},"14":{"start":{"line":16,"column":0},"end":{"line":16,"column":43}},"15":{"start":{"line":17,"column":0},"end":{"line":17,"column":62}},"16":{"start":{"line":18,"column":0},"end":{"line":18,"column":62}},"17":{"start":{"line":21,"column":0},"end":{"line":21,"column":41}},"18":{"start":{"line":23,"column":0},"end":{"line":58,"column":2}},"19":{"start":{"line":25,"column":4},"end":{"line":25,"column":33}},"20":{"start":{"line":26,"column":4},"end":{"line":26,"column":41}},"21":{"start":{"line":27,"column":4},"end":{"line":27,"column":45}},"22":{"start":{"line":28,"column":4},"end":{"line":28,"column":43}},"23":{"start":{"line":29,"column":4},"end":{"line":29,"column":39}},"24":{"start":{"line":30,"column":4},"end":{"line":30,"column":37}},"25":{"start":{"line":31,"column":4},"end":{"line":31,"column":54}},"26":{"start":{"line":32,"column":4},"end":{"line":32,"column":37}},"27":{"start":{"line":33,"column":4},"end":{"line":33,"column":51}},"28":{"start":{"line":34,"column":4},"end":{"line":34,"column":65}},"29":{"start":{"line":35,"column":4},"end":{"line":35,"column":64}},"30":{"start":{"line":36,"column":4},"end":{"line":36,"column":68}},"31":{"start":{"line":37,"column":4},"end":{"line":37,"column":57}},"32":{"start":{"line":38,"column":4},"end":{"line":38,"column":63}},"33":{"start":{"line":40,"column":4},"end":{"line":56,"column":6}},"34":{"start":{"line":43,"column":16},"end":{"line":46,"column":19}},"35":{"start":{"line":44,"column":20},"end":{"line":44,"column":45}},"36":{"start":{"line":45,"column":20},"end":{"line":45,"column":35}},"37":{"start":{"line":49,"column":16},"end":{"line":52,"column":19}},"38":{"start":{"line":50,"column":20},"end":{"line":50,"column":45}},"39":{"start":{"line":51,"column":20},"end":{"line":51,"column":35}}},"branchMap":{}},"/Users/chris/dev/nog/src/atomic/populate_all.js":{"path":"/Users/chris/dev/nog/src/atomic/populate_all.js","s":{"1":1,"2":1,"3":1,"4":1,"5":2},"b":{},"f":{"1":1,"2":2},"fnMap":{"1":{"name":"(anonymous_1)","line":6,"loc":{"start":{"line":6,"column":17},"end":{"line":6,"column":58}}},"2":{"name":"(anonymous_2)","line":7,"loc":{"start":{"line":7,"column":25},"end":{"line":7,"column":52}}}},"statementMap":{"1":{"start":{"line":2,"column":0},"end":{"line":2,"column":29}},"2":{"start":{"line":4,"column":0},"end":{"line":4,"column":37}},"3":{"start":{"line":6,"column":0},"end":{"line":10,"column":2}},"4":{"start":{"line":7,"column":4},"end":{"line":9,"column":17}},"5":{"start":{"line":8,"column":8},"end":{"line":8,"column":59}}},"branchMap":{}},"/Users/chris/dev/nog/src/build/copy_assets.js":{"path":"/Users/chris/dev/nog/src/build/copy_assets.js","s":{"1":1,"2":1,"3":1,"4":1,"5":1,"6":1,"7":1,"8":1,"9":1,"10":1,"11":1,"12":1,"13":1,"14":1,"15":1,"16":1,"17":1,"18":1,"19":1,"20":1,"21":1,"22":1,"23":1,"24":1,"25":1,"26":1,"27":1,"28":1,"29":1,"30":1,"31":1},"b":{"1":[1,0]},"f":{"1":1,"2":1,"3":1,"4":1,"5":1,"6":1},"fnMap":{"1":{"name":"(anonymous_1)","line":15,"loc":{"start":{"line":15,"column":17},"end":{"line":15,"column":62}}},"2":{"name":"(anonymous_2)","line":22,"loc":{"start":{"line":22,"column":12},"end":{"line":22,"column":30}}},"3":{"name":"(anonymous_3)","line":25,"loc":{"start":{"line":25,"column":24},"end":{"line":25,"column":47}}},"4":{"name":"(anonymous_4)","line":30,"loc":{"start":{"line":30,"column":12},"end":{"line":30,"column":30}}},"5":{"name":"(anonymous_5)","line":34,"loc":{"start":{"line":34,"column":20},"end":{"line":34,"column":44}}},"6":{"name":"(anonymous_6)","line":45,"loc":{"start":{"line":45,"column":8},"end":{"line":45,"column":21}}}},"statementMap":{"1":{"start":{"line":2,"column":0},"end":{"line":2,"column":27}},"2":{"start":{"line":3,"column":0},"end":{"line":3,"column":31}},"3":{"start":{"line":4,"column":0},"end":{"line":4,"column":29}},"4":{"start":{"line":5,"column":0},"end":{"line":5,"column":29}},"5":{"start":{"line":6,"column":0},"end":{"line":6,"column":36}},"6":{"start":{"line":7,"column":0},"end":{"line":7,"column":44}},"7":{"start":{"line":8,"column":0},"end":{"line":8,"column":27}},"8":{"start":{"line":11,"column":0},"end":{"line":11,"column":34}},"9":{"start":{"line":12,"column":0},"end":{"line":12,"column":53}},"10":{"start":{"line":13,"column":0},"end":{"line":13,"column":62}},"11":{"start":{"line":15,"column":0},"end":{"line":53,"column":2}},"12":{"start":{"line":16,"column":4},"end":{"line":16,"column":25}},"13":{"start":{"line":17,"column":4},"end":{"line":17,"column":14}},"14":{"start":{"line":18,"column":4},"end":{"line":18,"column":70}},"15":{"start":{"line":19,"column":4},"end":{"line":19,"column":61}},"16":{"start":{"line":20,"column":4},"end":{"line":52,"column":6}},"17":{"start":{"line":23,"column":16},"end":{"line":23,"column":64}},"18":{"start":{"line":24,"column":16},"end":{"line":24,"column":83}},"19":{"start":{"line":25,"column":16},"end":{"line":28,"column":19}},"20":{"start":{"line":26,"column":20},"end":{"line":26,"column":35}},"21":{"start":{"line":27,"column":20},"end":{"line":27,"column":34}},"22":{"start":{"line":32,"column":16},"end":{"line":42,"column":30}},"23":{"start":{"line":35,"column":24},"end":{"line":35,"column":67}},"24":{"start":{"line":36,"column":24},"end":{"line":36,"column":92}},"25":{"start":{"line":37,"column":24},"end":{"line":37,"column":99}},"26":{"start":{"line":38,"column":24},"end":{"line":38,"column":65}},"27":{"start":{"line":39,"column":24},"end":{"line":39,"column":91}},"28":{"start":{"line":40,"column":24},"end":{"line":40,"column":52}},"29":{"start":{"line":46,"column":12},"end":{"line":49,"column":13}},"30":{"start":{"line":47,"column":16},"end":{"line":47,"column":138}},"31":{"start":{"line":50,"column":12},"end":{"line":50,"column":26}}},"branchMap":{"1":{"line":46,"type":"if","locations":[{"start":{"line":46,"column":12},"end":{"line":46,"column":12}},{"start":{"line":46,"column":12},"end":{"line":46,"column":12}}]}}},"/Users/chris/dev/nog/src/utils/log.js":{"path":"/Users/chris/dev/nog/src/utils/log.js","s":{"1":1,"2":0,"3":0,"4":1,"5":4,"6":0},"b":{"1":[0,4]},"f":{"1":0,"2":4},"fnMap":{"1":{"name":"(anonymous_1)","line":1,"loc":{"start":{"line":1,"column":27},"end":{"line":1,"column":37}}},"2":{"name":"(anonymous_2)","line":5,"loc":{"start":{"line":5,"column":25},"end":{"line":5,"column":35}}}},"statementMap":{"1":{"start":{"line":1,"column":0},"end":{"line":4,"column":2}},"2":{"start":{"line":2,"column":4},"end":{"line":2,"column":64}},"3":{"start":{"line":3,"column":4},"end":{"line":3,"column":30}},"4":{"start":{"line":5,"column":0},"end":{"line":10,"column":2}},"5":{"start":{"line":6,"column":4},"end":{"line":8,"column":5}},"6":{"start":{"line":7,"column":8},"end":{"line":7,"column":35}}},"branchMap":{"1":{"line":6,"type":"if","locations":[{"start":{"line":6,"column":4},"end":{"line":6,"column":4}},{"start":{"line":6,"column":4},"end":{"line":6,"column":4}}]}}},"/Users/chris/dev/nog/src/path/get_asset_uri.js":{"path":"/Users/chris/dev/nog/src/path/get_asset_uri.js","s":{"1":1,"2":1,"3":1,"4":5,"5":5,"6":5,"7":5,"8":3,"9":5,"10":1,"11":5},"b":{"1":[3,2],"2":[1,4],"3":[5,2]},"f":{"1":5},"fnMap":{"1":{"name":"(anonymous_1)","line":7,"loc":{"start":{"line":7,"column":17},"end":{"line":7,"column":53}}}},"statementMap":{"1":{"start":{"line":2,"column":0},"end":{"line":2,"column":27}},"2":{"start":{"line":5,"column":0},"end":{"line":5,"column":34}},"3":{"start":{"line":7,"column":0},"end":{"line":19,"column":2}},"4":{"start":{"line":8,"column":4},"end":{"line":8,"column":66}},"5":{"start":{"line":9,"column":4},"end":{"line":9,"column":66}},"6":{"start":{"line":10,"column":4},"end":{"line":10,"column":46}},"7":{"start":{"line":12,"column":4},"end":{"line":14,"column":5}},"8":{"start":{"line":13,"column":8},"end":{"line":13,"column":50}},"9":{"start":{"line":15,"column":4},"end":{"line":17,"column":5}},"10":{"start":{"line":16,"column":8},"end":{"line":16,"column":35}},"11":{"start":{"line":18,"column":4},"end":{"line":18,"column":26}}},"branchMap":{"1":{"line":12,"type":"if","locations":[{"start":{"line":12,"column":4},"end":{"line":12,"column":4}},{"start":{"line":12,"column":4},"end":{"line":12,"column":4}}]},"2":{"line":15,"type":"if","locations":[{"start":{"line":15,"column":4},"end":{"line":15,"column":4}},{"start":{"line":15,"column":4},"end":{"line":15,"column":4}}]},"3":{"line":15,"type":"binary-expr","locations":[{"start":{"line":15,"column":8},"end":{"line":15,"column":22}},{"start":{"line":15,"column":26},"end":{"line":15,"column":48}}]}}},"/Users/chris/dev/nog/src/content/get_output_path.js":{"path":"/Users/chris/dev/nog/src/content/get_output_path.js","s":{"1":1,"2":1,"3":24,"4":24,"5":22,"6":2,"7":24,"8":24,"9":12,"10":6,"11":24},"b":{"1":[22,2],"2":[12,12],"3":[6,6]},"f":{"1":24},"fnMap":{"1":{"name":"(anonymous_1)","line":4,"loc":{"start":{"line":4,"column":17},"end":{"line":4,"column":43}}}},"statementMap":{"1":{"start":{"line":2,"column":0},"end":{"line":2,"column":27}},"2":{"start":{"line":4,"column":0},"end":{"line":20,"column":2}},"3":{"start":{"line":5,"column":4},"end":{"line":5,"column":14}},"4":{"start":{"line":6,"column":4},"end":{"line":10,"column":5}},"5":{"start":{"line":7,"column":8},"end":{"line":7,"column":31}},"6":{"start":{"line":9,"column":8},"end":{"line":9,"column":19}},"7":{"start":{"line":13,"column":4},"end":{"line":13,"column":29}},"8":{"start":{"line":14,"column":4},"end":{"line":18,"column":5}},"9":{"start":{"line":15,"column":8},"end":{"line":17,"column":9}},"10":{"start":{"line":16,"column":12},"end":{"line":16,"column":26}},"11":{"start":{"line":19,"column":4},"end":{"line":19,"column":32}}},"branchMap":{"1":{"line":6,"type":"if","locations":[{"start":{"line":6,"column":4},"end":{"line":6,"column":4}},{"start":{"line":6,"column":4},"end":{"line":6,"column":4}}]},"2":{"line":14,"type":"if","locations":[{"start":{"line":14,"column":4},"end":{"line":14,"column":4}},{"start":{"line":14,"column":4},"end":{"line":14,"column":4}}]},"3":{"line":15,"type":"if","locations":[{"start":{"line":15,"column":8},"end":{"line":15,"column":8}},{"start":{"line":15,"column":8},"end":{"line":15,"column":8}}]}}},"/Users/chris/dev/nog/src/pluggable/clear_require_cache.js":{"path":"/Users/chris/dev/nog/src/pluggable/clear_require_cache.js","s":{"1":1,"2":1,"3":1,"4":1,"5":1,"6":1,"7":1,"8":1,"9":1},"b":{},"f":{"1":1,"2":1,"3":1},"fnMap":{"1":{"name":"(anonymous_1)","line":6,"loc":{"start":{"line":6,"column":17},"end":{"line":6,"column":42}}},"2":{"name":"(anonymous_2)","line":8,"loc":{"start":{"line":8,"column":12},"end":{"line":8,"column":33}}},"3":{"name":"(anonymous_3)","line":10,"loc":{"start":{"line":10,"column":23},"end":{"line":10,"column":44}}}},"statementMap":{"1":{"start":{"line":2,"column":0},"end":{"line":2,"column":27}},"2":{"start":{"line":3,"column":0},"end":{"line":3,"column":27}},"3":{"start":{"line":4,"column":0},"end":{"line":4,"column":26}},"4":{"start":{"line":6,"column":0},"end":{"line":17,"column":2}},"5":{"start":{"line":7,"column":4},"end":{"line":7,"column":67}},"6":{"start":{"line":8,"column":4},"end":{"line":15,"column":7}},"7":{"start":{"line":10,"column":8},"end":{"line":12,"column":11}},"8":{"start":{"line":11,"column":12},"end":{"line":11,"column":63}},"9":{"start":{"line":14,"column":8},"end":{"line":14,"column":22}}},"branchMap":{}},"/Users/chris/dev/nog/src/pluggable/require_pluggable.js":{"path":"/Users/chris/dev/nog/src/pluggable/require_pluggable.js","s":{"1":1,"2":1,"3":1,"4":4,"5":4,"6":4,"7":4,"8":4,"9":3,"10":3,"11":1,"12":1,"13":4},"b":{"1":[3,1]},"f":{"1":4,"2":4},"fnMap":{"1":{"name":"(anonymous_1)","line":5,"loc":{"start":{"line":5,"column":17},"end":{"line":5,"column":42}}},"2":{"name":"(anonymous_2)","line":8,"loc":{"start":{"line":8,"column":17},"end":{"line":8,"column":33}}}},"statementMap":{"1":{"start":{"line":2,"column":0},"end":{"line":2,"column":29}},"2":{"start":{"line":3,"column":0},"end":{"line":3,"column":27}},"3":{"start":{"line":5,"column":0},"end":{"line":22,"column":2}},"4":{"start":{"line":7,"column":4},"end":{"line":7,"column":69}},"5":{"start":{"line":8,"column":4},"end":{"line":21,"column":7}},"6":{"start":{"line":9,"column":8},"end":{"line":9,"column":23}},"7":{"start":{"line":10,"column":8},"end":{"line":10,"column":27}},"8":{"start":{"line":11,"column":8},"end":{"line":19,"column":9}},"9":{"start":{"line":12,"column":12},"end":{"line":17,"column":13}},"10":{"start":{"line":13,"column":16},"end":{"line":13,"column":39}},"11":{"start":{"line":15,"column":16},"end":{"line":15,"column":31}},"12":{"start":{"line":16,"column":16},"end":{"line":16,"column":100}},"13":{"start":{"line":20,"column":8},"end":{"line":20,"column":33}}},"branchMap":{"1":{"line":11,"type":"if","locations":[{"start":{"line":11,"column":8},"end":{"line":11,"column":8}},{"start":{"line":11,"column":8},"end":{"line":11,"column":8}}]}}}}