TN:
SF:/Users/chris/dev/nog/src/archives/add_post_to_date_archives.js
FN:22,(anonymous_1)
FNF:1
FNH:1
FNDA:11,(anonymous_1)
DA:2,1
DA:3,1
DA:4,1
DA:5,1
DA:7,1
DA:9,1
DA:10,1
DA:12,1
DA:13,1
DA:14,1
DA:15,1
DA:16,1
DA:17,1
DA:22,1
DA:23,11
DA:24,11
DA:25,11
DA:26,11
DA:28,11
DA:29,11
DA:30,11
DA:31,11
DA:32,11
DA:34,10
DA:46,11
DA:48,11
DA:49,11
DA:50,11
DA:51,11
DA:52,11
DA:54,10
DA:66,11
DA:68,11
DA:69,11
DA:70,11
DA:71,11
DA:72,11
DA:74,10
DA:86,11
LF:39
LH:39
BRDA:32,1,0,10
BRDA:32,1,1,1
BRDA:52,2,0,10
BRDA:52,2,1,1
BRDA:72,3,0,10
BRDA:72,3,1,1
BRF:6
BRH:6
end_of_record
TN:
SF:/Users/chris/dev/nog/src/atomic/get_date.js
FN:6,(anonymous_1)
FNF:1
FNH:1
FNDA:71,(anonymous_1)
DA:2,1
DA:3,1
DA:6,1
DA:7,71
DA:8,71
DA:9,71
DA:10,21
DA:13,50
DA:14,50
DA:15,50
DA:16,1
DA:19,71
LF:12
LH:12
BRDA:9,1,0,21
BRDA:9,1,1,50
BRDA:9,2,0,71
BRDA:9,2,1,51
BRDA:15,3,0,1
BRDA:15,3,1,49
BRF:6
BRH:6
end_of_record
TN:
SF:/Users/chris/dev/nog/src/content/get_relative_url.js
FN:2,(anonymous_1)
FNF:1
FNH:1
FNDA:171,(anonymous_1)
DA:2,1
DA:3,171
DA:4,169
LF:3
LH:3
BRDA:3,1,0,2
BRDA:3,1,1,169
BRF:2
BRH:2
end_of_record
TN:
SF:/Users/chris/dev/nog/src/content/get_absolute_url.js
FN:3,(anonymous_1)
FNF:1
FNH:1
FNDA:85,(anonymous_1)
DA:2,1
DA:3,1
DA:4,85
LF:3
LH:3
BRF:0
BRH:0
end_of_record
TN:
SF:/Users/chris/dev/nog/src/archives/get_year_archives_id.js
FN:5,(anonymous_1)
FNF:1
FNH:1
FNDA:26,(anonymous_1)
DA:2,1
DA:3,1
DA:5,1
DA:6,26
DA:7,26
DA:8,26
DA:9,26
LF:7
LH:7
BRF:0
BRH:0
end_of_record
TN:
SF:/Users/chris/dev/nog/src/archives/get_main_archives_id.js
FN:3,(anonymous_1)
FNF:1
FNH:1
FNDA:199,(anonymous_1)
DA:3,1
DA:4,199
LF:2
LH:2
BRF:0
BRH:0
end_of_record
TN:
SF:/Users/chris/dev/nog/src/archives/get_year_archives_uri.js
FN:6,(anonymous_1)
FNF:1
FNH:1
FNDA:14,(anonymous_1)
DA:2,1
DA:3,1
DA:4,1
DA:6,1
DA:7,14
DA:8,14
DA:9,14
LF:7
LH:7
BRF:0
BRH:0
end_of_record
TN:
SF:/Users/chris/dev/nog/src/content/get_prefixed_uri.js
FN:2,(anonymous_1)
FNF:1
FNH:1
FNDA:125,(anonymous_1)
DA:2,1
DA:3,125
DA:4,125
DA:5,96
DA:7,125
DA:8,43
DA:10,125
LF:7
LH:7
BRDA:4,1,0,96
BRDA:4,1,1,29
BRDA:7,2,0,43
BRDA:7,2,1,82
BRF:4
BRH:4
end_of_record
TN:
SF:/Users/chris/dev/nog/src/content/get_paged_uri.js
FN:3,(anonymous_1)
FNF:1
FNH:1
FNDA:94,(anonymous_1)
DA:2,1
DA:3,1
DA:4,94
DA:5,94
DA:6,94
DA:7,18
DA:8,18
DA:10,94
LF:8
LH:8
BRDA:5,1,0,94
BRDA:5,1,1,76
BRDA:6,2,0,18
BRDA:6,2,1,76
BRF:4
BRH:4
end_of_record
TN:
SF:/Users/chris/dev/nog/src/archives/get_month_archives_id.js
FN:5,(anonymous_1)
FNF:1
FNH:1
FNDA:26,(anonymous_1)
DA:2,1
DA:3,1
DA:5,1
DA:6,26
DA:7,26
DA:8,26
DA:9,26
DA:10,26
LF:8
LH:8
BRF:0
BRH:0
end_of_record
TN:
SF:/Users/chris/dev/nog/src/archives/get_month_archives_uri.js
FN:6,(anonymous_1)
FNF:1
FNH:1
FNDA:14,(anonymous_1)
DA:2,1
DA:3,1
DA:4,1
DA:6,1
DA:7,14
DA:8,14
DA:9,14
LF:7
LH:7
BRF:0
BRH:0
end_of_record
TN:
SF:/Users/chris/dev/nog/src/archives/get_day_archives_id.js
FN:5,(anonymous_1)
FNF:1
FNH:1
FNDA:26,(anonymous_1)
DA:2,1
DA:3,1
DA:5,1
DA:6,26
DA:7,26
DA:8,26
DA:9,26
DA:10,26
DA:11,26
LF:9
LH:9
BRF:0
BRH:0
end_of_record
TN:
SF:/Users/chris/dev/nog/src/archives/get_day_archives_uri.js
FN:7,(anonymous_1)
FNF:1
FNH:1
FNDA:14,(anonymous_1)
DA:2,1
DA:3,1
DA:4,1
DA:7,1
DA:8,14
DA:9,14
DA:10,14
LF:7
LH:7
BRF:0
BRH:0
end_of_record
TN:
SF:/Users/chris/dev/nog/src/archives/add_post_to_tag_archive.js
FN:14,(anonymous_1)
FNF:1
FNH:1
FNDA:6,(anonymous_1)
DA:2,1
DA:3,1
DA:4,1
DA:7,1
DA:8,1
DA:9,1
DA:10,1
DA:14,1
DA:15,6
DA:16,6
DA:17,6
DA:18,6
DA:19,6
DA:22,6
DA:24,5
DA:36,6
LF:16
LH:16
BRDA:22,1,0,5
BRDA:22,1,1,1
BRF:2
BRH:2
end_of_record
TN:
SF:/Users/chris/dev/nog/src/archives/get_tag_archives_id.js
FN:6,(anonymous_1)
FNF:1
FNH:1
FNDA:21,(anonymous_1)
DA:2,1
DA:3,1
DA:6,1
DA:7,21
DA:8,21
DA:9,21
DA:10,21
LF:7
LH:7
BRF:0
BRH:0
end_of_record
TN:
SF:/Users/chris/dev/nog/src/archives/get_tag_archives_uri.js
FN:6,(anonymous_1)
FNF:1
FNH:1
FNDA:14,(anonymous_1)
DA:2,1
DA:3,1
DA:4,1
DA:6,1
DA:7,14
DA:8,14
DA:9,14
LF:7
LH:7
BRF:0
BRH:0
end_of_record
TN:
SF:/Users/chris/dev/nog/src/archives/create.js
FN:14,(anonymous_1)
FN:34,(anonymous_2)
FN:36,(anonymous_3)
FN:42,(anonymous_4)
FN:45,(anonymous_5)
FNF:5
FNH:5
FNDA:3,(anonymous_1)
FNDA:2,(anonymous_2)
FNDA:2,(anonymous_3)
FNDA:2,(anonymous_4)
FNDA:6,(anonymous_5)
DA:2,1
DA:4,1
DA:5,1
DA:6,1
DA:7,1
DA:8,1
DA:10,1
DA:11,1
DA:12,1
DA:14,1
DA:15,3
DA:16,3
DA:17,3
DA:18,3
DA:20,3
DA:34,3
DA:35,2
DA:36,2
DA:37,2
DA:41,3
DA:42,3
DA:43,2
DA:45,3
DA:46,6
DA:51,3
LF:25
LH:25
BRF:0
BRH:0
end_of_record
TN:
SF:/Users/chris/dev/nog/src/archives/get_main_archives_uri.js
FN:6,(anonymous_1)
FNF:1
FNH:1
FNDA:14,(anonymous_1)
DA:2,1
DA:3,1
DA:4,1
DA:6,1
DA:7,14
DA:8,14
DA:9,14
LF:7
LH:7
BRF:0
BRH:0
end_of_record
TN:
SF:/Users/chris/dev/nog/src/content/sort_blog_posts.js
FN:3,(anonymous_1)
FN:4,(anonymous_2)
FNF:2
FNH:2
FNDA:6,(anonymous_1)
FNDA:7,(anonymous_2)
DA:1,1
DA:2,1
DA:3,1
DA:4,6
DA:5,7
DA:6,7
DA:7,7
DA:8,7
DA:9,7
DA:10,6
DA:11,4
DA:12,3
DA:13,1
LF:13
LH:13
BRDA:9,1,0,1
BRDA:9,1,1,6
BRDA:10,2,0,2
BRDA:10,2,1,4
BRDA:11,3,0,1
BRDA:11,3,1,3
BRDA:12,4,0,2
BRDA:12,4,1,1
BRF:8
BRH:8
end_of_record
TN:
SF:/Users/chris/dev/nog/src/atomic/get_title.js
FN:8,(anonymous_1)
FNF:1
FNH:1
FNDA:37,(anonymous_1)
DA:2,1
DA:3,1
DA:5,1
DA:8,1
DA:9,37
DA:10,37
DA:11,37
DA:12,37
DA:13,22
DA:14,22
DA:16,15
DA:18,37
LF:12
LH:12
BRDA:12,1,0,22
BRDA:12,1,1,15
BRDA:12,2,0,37
BRDA:12,2,1,17
BRDA:12,2,2,16
BRF:5
BRH:5
end_of_record
TN:
SF:/Users/chris/dev/nog/src/atomic/get_basename.js
FN:4,(anonymous_1)
FNF:1
FNH:1
FNDA:560,(anonymous_1)
DA:2,1
DA:4,1
DA:5,560
LF:3
LH:3
BRF:0
BRH:0
end_of_record
TN:
SF:/Users/chris/dev/nog/src/archives/paginate_archive.js
FN:9,(anonymous_1)
FN:21,(anonymous_2)
FNF:2
FNH:2
FNDA:20,(anonymous_1)
FNDA:22,(anonymous_2)
DA:2,1
DA:4,1
DA:5,1
DA:6,1
DA:9,1
DA:10,20
DA:11,20
DA:12,20
DA:13,6
DA:14,6
DA:16,14
DA:17,14
DA:19,20
DA:20,20
DA:21,20
DA:22,22
DA:23,22
LF:17
LH:17
BRDA:12,1,0,6
BRDA:12,1,1,14
BRF:2
BRH:2
end_of_record
TN:
SF:/Users/chris/dev/nog/src/atomic/get_children.js
FN:8,(anonymous_1)
FN:12,(anonymous_2)
FNF:2
FNH:2
FNDA:23,(anonymous_1)
FNDA:46,(anonymous_2)
DA:1,1
DA:3,1
DA:4,1
DA:5,1
DA:8,1
DA:9,23
DA:10,23
DA:12,23
DA:13,46
DA:14,46
DA:15,46
DA:16,46
DA:17,40
DA:18,39
DA:19,38
DA:21,23
LF:16
LH:16
BRDA:16,1,0,6
BRDA:16,1,1,40
BRDA:17,2,0,1
BRDA:17,2,1,39
BRDA:18,3,0,1
BRDA:18,3,1,38
BRF:6
BRH:6
end_of_record
TN:
SF:/Users/chris/dev/nog/src/atomic/get_id.js
FN:4,(anonymous_1)
FNF:1
FNH:1
FNDA:378,(anonymous_1)
DA:2,1
DA:3,1
DA:4,1
DA:5,378
DA:6,378
DA:7,378
DA:8,378
DA:9,131
DA:11,378
LF:9
LH:9
BRDA:8,1,0,131
BRDA:8,1,1,247
BRF:2
BRH:2
end_of_record
TN:
SF:/Users/chris/dev/nog/src/atomic/is_ignored.js
FN:10,(anonymous_1)
FNF:1
FNH:1
FNDA:70,(anonymous_1)
DA:2,1
DA:4,1
DA:5,1
DA:6,1
DA:7,1
DA:8,1
DA:10,1
DA:11,70
DA:12,69
DA:13,67
DA:14,66
DA:15,65
DA:16,63
LF:13
LH:13
BRDA:11,1,0,1
BRDA:11,1,1,69
BRDA:12,2,0,2
BRDA:12,2,1,67
BRDA:13,3,0,1
BRDA:13,3,1,66
BRDA:14,4,0,1
BRDA:14,4,1,65
BRDA:15,5,0,2
BRDA:15,5,1,63
BRF:10
BRH:10
end_of_record
TN:
SF:/Users/chris/dev/nog/src/atomic/is_ignored_bad_slugs.js
FN:7,(anonymous_1)
FN:12,(anonymous_2)
FNF:2
FNH:2
FNDA:78,(anonymous_1)
FNDA:49,(anonymous_2)
DA:2,1
DA:4,1
DA:5,1
DA:7,1
DA:8,78
DA:9,78
DA:10,78
DA:11,78
DA:12,39
DA:13,49
DA:14,6
DA:18,78
LF:12
LH:12
BRDA:11,1,0,39
BRDA:11,1,1,39
BRDA:13,2,0,6
BRDA:13,2,1,43
BRF:4
BRH:4
end_of_record
TN:
SF:/Users/chris/dev/nog/src/utils/validate_slug.js
FN:4,(anonymous_1)
FNF:1
FNH:1
FNDA:92,(anonymous_1)
DA:2,1
DA:3,1
DA:4,1
DA:5,92
DA:6,85
DA:7,82
DA:8,62
DA:9,61
DA:10,55
DA:11,54
LF:10
LH:10
BRDA:5,1,0,7
BRDA:5,1,1,85
BRDA:6,2,0,3
BRDA:6,2,1,82
BRDA:7,3,0,20
BRDA:7,3,1,62
BRDA:8,4,0,1
BRDA:8,4,1,61
BRDA:9,5,0,6
BRDA:9,5,1,55
BRDA:10,6,0,1
BRDA:10,6,1,54
BRF:12
BRH:12
end_of_record
TN:
SF:/Users/chris/dev/nog/src/atomic/is_ignored_extension.js
FN:4,(anonymous_1)
FNF:1
FNH:1
FNDA:72,(anonymous_1)
DA:2,1
DA:4,1
DA:5,72
DA:6,72
LF:4
LH:4
BRF:0
BRH:0
end_of_record
TN:
SF:/Users/chris/dev/nog/src/atomic/is_ignored_conflicts_with_archive.js
FN:8,(anonymous_1)
FNF:1
FNH:1
FNDA:72,(anonymous_1)
DA:2,1
DA:4,1
DA:5,1
DA:8,1
DA:9,72
DA:10,72
DA:11,72
DA:12,72
DA:13,71
DA:14,3
DA:17,72
LF:11
LH:11
BRDA:12,1,0,71
BRDA:12,1,1,1
BRDA:12,2,0,72
BRDA:12,2,1,72
BRDA:13,3,0,3
BRDA:13,3,1,68
BRF:6
BRH:6
end_of_record
TN:
SF:/Users/chris/dev/nog/src/atomic/is_ignored_overridden_by_sibling.js
FN:11,(anonymous_1)
FN:20,(anonymous_2)
FNF:2
FNH:2
FNDA:69,(anonymous_1)
FNDA:248,(anonymous_2)
DA:2,1
DA:3,1
DA:5,1
DA:6,1
DA:7,1
DA:8,1
DA:9,1
DA:11,1
DA:12,69
DA:13,69
DA:14,69
DA:15,69
DA:16,69
DA:17,69
DA:18,69
DA:20,69
DA:21,248
DA:22,248
DA:23,248
DA:24,179
DA:25,179
DA:29,4
DA:30,3
DA:36,69
DA:37,69
DA:38,3
DA:39,3
DA:41,3
DA:42,2
DA:45,69
LF:30
LH:30
BRDA:23,1,0,179
BRDA:23,1,1,69
BRDA:25,2,0,4
BRDA:25,2,1,175
BRDA:29,3,0,1
BRDA:29,3,1,3
BRDA:37,4,0,3
BRDA:37,4,1,66
BRDA:41,5,0,2
BRDA:41,5,1,1
BRF:10
BRH:10
end_of_record
TN:
SF:/Users/chris/dev/nog/src/atomic/get_published.js
FN:5,(anonymous_1)
FNF:1
FNH:1
FNDA:77,(anonymous_1)
DA:2,1
DA:5,1
DA:7,77
DA:8,67
DA:11,10
DA:12,1
DA:15,9
DA:16,1
DA:19,8
DA:20,6
DA:22,2
LF:11
LH:11
BRDA:7,1,0,67
BRDA:7,1,1,10
BRDA:11,2,0,1
BRDA:11,2,1,9
BRDA:15,3,0,1
BRDA:15,3,1,8
BRDA:19,4,0,6
BRDA:19,4,1,2
BRF:8
BRH:8
end_of_record
TN:
SF:/Users/chris/dev/nog/src/atomic/is_ignored_overridden_by_index.js
FN:12,(anonymous_1)
FN:18,(anonymous_2)
FNF:2
FNH:2
FNDA:69,(anonymous_1)
FNDA:248,(anonymous_2)
DA:2,1
DA:3,1
DA:5,1
DA:6,1
DA:7,1
DA:8,1
DA:9,1
DA:10,1
DA:12,1
DA:13,69
DA:14,69
DA:15,69
DA:18,69
DA:19,248
DA:20,248
DA:21,248
DA:23,248
DA:28,4
DA:29,3
DA:33,69
LF:20
LH:20
BRDA:23,1,0,4
BRDA:23,1,1,244
BRDA:28,2,0,1
BRDA:28,2,1,3
BRF:4
BRH:4
end_of_record
TN:
SF:/Users/chris/dev/nog/src/atomic/get_content.js
FN:3,(anonymous_1)
FN:4,(anonymous_2)
FNF:2
FNH:2
FNDA:47,(anonymous_1)
FNDA:47,(anonymous_2)
DA:2,1
DA:3,1
DA:4,47
DA:5,47
DA:6,46
DA:7,43
DA:11,47
LF:7
LH:7
BRDA:5,1,0,46
BRDA:5,1,1,1
BRDA:6,2,0,43
BRDA:6,2,1,3
BRF:4
BRH:4
end_of_record
TN:
SF:/Users/chris/dev/nog/src/render/markdown.js
FN:7,(anonymous_1)
FN:13,(anonymous_2)
FNF:2
FNH:2
FNDA:48,(anonymous_1)
FNDA:1,(anonymous_2)
DA:2,1
DA:3,1
DA:4,1
DA:5,1
DA:7,1
DA:9,48
DA:10,1
DA:12,47
DA:14,1
DA:17,47
LF:10
LH:10
BRDA:9,1,0,1
BRDA:9,1,1,47
BRF:2
BRH:2
end_of_record
TN:
SF:/Users/chris/dev/nog/src/atomic/get_excerpt.js
FN:8,(anonymous_1)
FN:21,(anonymous_2)
FNF:2
FNH:2
FNDA:25,(anonymous_1)
FNDA:23,(anonymous_2)
DA:2,1
DA:3,1
DA:4,1
DA:6,1
DA:8,1
DA:9,25
DA:10,25
DA:12,25
DA:13,24
DA:17,24
DA:18,1
DA:19,1
DA:21,23
DA:22,23
DA:23,23
DA:28,1
LF:16
LH:16
BRDA:12,1,0,24
BRDA:12,1,1,1
BRDA:12,2,0,25
BRDA:12,2,1,4
BRDA:12,2,2,4
BRDA:17,3,0,1
BRDA:17,3,1,23
BRF:7
BRH:7
end_of_record
TN:
SF:/Users/chris/dev/nog/src/atomic/get_parent.js
FN:7,(anonymous_1)
FN:17,(anonymous_2)
FNF:2
FNH:2
FNDA:25,(anonymous_1)
FNDA:10,(anonymous_2)
DA:1,1
DA:3,1
DA:4,1
DA:5,1
DA:7,1
DA:8,25
DA:9,25
DA:10,25
DA:11,25
DA:13,25
DA:14,25
DA:15,25
DA:16,25
DA:17,5
DA:18,10
DA:19,5
DA:20,4
DA:21,3
DA:23,5
LF:19
LH:19
BRDA:16,1,0,20
BRDA:16,1,1,5
BRDA:18,2,0,5
BRDA:18,2,1,5
BRDA:19,3,0,1
BRDA:19,3,1,4
BRDA:20,4,0,1
BRDA:20,4,1,3
BRDA:23,5,0,3
BRDA:23,5,1,2
BRF:10
BRH:10
end_of_record
TN:
SF:/Users/chris/dev/nog/src/atomic/get_tags.js
FN:6,(anonymous_1)
FN:28,(anonymous_2)
FNF:2
FNH:2
FNDA:30,(anonymous_1)
FNDA:20,(anonymous_2)
DA:2,1
DA:3,1
DA:6,1
DA:7,30
DA:8,30
DA:9,30
DA:10,30
DA:12,30
DA:13,20
DA:15,10
DA:16,2
DA:18,8
DA:19,7
DA:21,1
DA:28,30
DA:29,20
DA:30,17
DA:31,17
DA:32,16
DA:33,16
DA:34,14
DA:35,14
DA:39,30
LF:23
LH:23
BRDA:12,1,0,20
BRDA:12,1,1,10
BRDA:15,2,0,2
BRDA:15,2,1,8
BRDA:18,3,0,7
BRDA:18,3,1,1
BRDA:29,4,0,3
BRDA:29,4,1,17
BRDA:31,5,0,1
BRDA:31,5,1,16
BRDA:33,6,0,14
BRDA:33,6,1,2
BRF:12
BRH:12
end_of_record
TN:
SF:/Users/chris/dev/nog/src/atomic/get_template.js
FN:6,(anonymous_1)
FNF:1
FNH:1
FNDA:25,(anonymous_1)
DA:2,1
DA:4,1
DA:6,1
DA:7,25
DA:8,25
DA:9,25
DA:10,3
DA:12,25
LF:8
LH:8
BRDA:9,1,0,3
BRDA:9,1,1,22
BRDA:9,2,0,25
BRDA:9,2,1,3
BRDA:9,2,2,3
BRF:5
BRH:5
end_of_record
TN:
SF:/Users/chris/dev/nog/src/atomic/get_type.js
FN:7,(anonymous_1)
FNF:1
FNH:1
FNDA:51,(anonymous_1)
DA:3,1
DA:4,1
DA:7,1
DA:8,51
DA:9,51
DA:10,51
DA:11,51
DA:12,40
DA:14,11
DA:15,11
DA:16,10
DA:17,3
DA:19,7
DA:22,1
DA:25,51
LF:15
LH:15
BRDA:11,1,0,40
BRDA:11,1,1,11
BRDA:15,2,0,10
BRDA:15,2,1,1
BRDA:16,3,0,3
BRDA:16,3,1,7
BRF:6
BRH:6
end_of_record
TN:
SF:/Users/chris/dev/nog/src/atomic/get_uri.js
FN:6,(anonymous_1)
FNF:1
FNH:1
FNDA:51,(anonymous_1)
DA:3,1
DA:4,1
DA:6,1
DA:7,51
DA:8,51
DA:9,51
DA:10,23
DA:12,51
LF:8
LH:8
BRDA:9,1,0,23
BRDA:9,1,1,28
BRF:2
BRH:2
end_of_record
TN:
SF:/Users/chris/dev/nog/src/atomic/read_all.js
FN:8,(anonymous_1)
FN:15,(anonymous_2)
FN:17,(anonymous_3)
FN:22,(anonymous_4)
FN:25,(anonymous_5)
FN:27,(anonymous_6)
FN:36,(anonymous_7)
FNF:7
FNH:7
FNDA:3,(anonymous_1)
FNDA:3,(anonymous_2)
FNDA:3,(anonymous_3)
FNDA:3,(anonymous_4)
FNDA:6,(anonymous_5)
FNDA:6,(anonymous_6)
FNDA:3,(anonymous_7)
DA:2,1
DA:3,1
DA:4,1
DA:6,1
DA:8,1
DA:9,3
DA:10,3
DA:11,3
DA:13,3
DA:16,3
DA:17,3
DA:18,3
DA:19,3
DA:23,3
DA:26,6
DA:27,6
DA:28,6
DA:29,6
DA:37,3
LF:19
LH:19
BRF:0
BRH:0
end_of_record
TN:
SF:/Users/chris/dev/nog/src/atomic/read.js
FN:8,(anonymous_1)
FN:12,(anonymous_2)
FN:15,(anonymous_3)
FN:19,(anonymous_4)
FNF:4
FNH:4
FNDA:14,(anonymous_1)
FNDA:14,(anonymous_2)
FNDA:13,(anonymous_3)
FNDA:14,(anonymous_4)
DA:2,1
DA:3,1
DA:4,1
DA:5,1
DA:8,1
DA:9,14
DA:10,14
DA:13,14
DA:16,13
DA:20,14
DA:21,14
DA:22,14
DA:23,14
DA:24,1
DA:26,13
DA:27,13
DA:28,13
DA:29,13
DA:30,13
DA:33,14
LF:20
LH:20
BRDA:20,1,0,14
BRDA:20,1,1,1
BRDA:21,2,0,14
BRDA:21,2,1,1
BRDA:23,3,0,1
BRDA:23,3,1,13
BRF:6
BRH:6
end_of_record
TN:
SF:/Users/chris/dev/nog/src/site_json/read.js
FN:9,(anonymous_1)
FN:12,(anonymous_2)
FN:15,(anonymous_3)
FN:19,(anonymous_4)
FNF:4
FNH:4
FNDA:8,(anonymous_1)
FNDA:8,(anonymous_2)
FNDA:8,(anonymous_3)
FNDA:8,(anonymous_4)
DA:2,1
DA:3,1
DA:5,1
DA:6,1
DA:7,1
DA:9,1
DA:10,8
DA:13,8
DA:16,8
DA:20,8
DA:21,8
DA:22,8
DA:23,1
DA:24,1
DA:26,8
LF:15
LH:15
BRDA:22,1,0,1
BRDA:22,1,1,7
BRDA:22,2,0,8
BRDA:22,2,1,2
BRF:4
BRH:4
end_of_record
TN:
SF:/Users/chris/dev/nog/src/site_json/read_default.js
FN:1,(anonymous_1)
FNF:1
FNH:1
FNDA:9,(anonymous_1)
DA:1,1
DA:2,9
LF:2
LH:2
BRF:0
BRH:0
end_of_record
TN:
SF:/Users/chris/dev/nog/src/site_json/read_user.js
FN:6,(anonymous_1)
FN:8,(anonymous_2)
FNF:2
FNH:2
FNDA:12,(anonymous_1)
FNDA:12,(anonymous_2)
DA:2,1
DA:3,1
DA:4,1
DA:6,1
DA:7,12
DA:8,12
DA:9,12
DA:10,6
DA:11,3
DA:12,3
DA:15,6
DA:17,12
LF:12
LH:12
BRDA:9,1,0,6
BRDA:9,1,1,6
BRDA:10,2,0,3
BRDA:10,2,1,3
BRF:4
BRH:4
end_of_record
TN:
SF:/Users/chris/dev/nog/src/site_json/merge.js
FN:8,(anonymous_1)
FN:13,(anonymous_2)
FN:28,(anonymous_3)
FN:29,(anonymous_4)
FN:45,(anonymous_5)
FN:59,(anonymous_6)
FN:98,(anonymous_7)
FN:151,(anonymous_8)
FNF:8
FNH:8
FNDA:332,(anonymous_1)
FNDA:1328,(anonymous_2)
FNDA:996,(anonymous_3)
FNDA:2988,(anonymous_4)
FNDA:996,(anonymous_5)
FNDA:664,(anonymous_6)
FNDA:664,(anonymous_7)
FNDA:4,(anonymous_8)
DA:2,1
DA:3,1
DA:5,1
DA:8,1
DA:9,332
DA:10,332
DA:13,332
DA:14,1328
DA:15,54
DA:16,40
DA:17,40
DA:19,14
DA:22,1274
DA:28,332
DA:29,996
DA:30,2988
DA:31,2988
DA:32,117
DA:33,90
DA:34,90
DA:36,27
DA:39,2871
DA:45,332
DA:46,996
DA:47,24
DA:48,18
DA:49,18
DA:51,6
DA:54,972
DA:59,332
DA:60,664
DA:61,28
DA:62,24
DA:63,24
DA:65,4
DA:68,636
DA:72,332
DA:73,15
DA:74,15
DA:75,8
DA:77,7
DA:78,7
DA:79,6
DA:80,4
DA:84,15
DA:85,12
DA:86,12
DA:88,3
DA:91,317
DA:98,332
DA:99,664
DA:100,29
DA:101,29
DA:102,23
DA:103,23
DA:105,6
DA:108,635
DA:113,332
DA:114,12
DA:115,10
DA:116,10
DA:118,2
DA:121,320
DA:125,332
DA:126,15
DA:127,15
DA:128,8
DA:130,7
DA:131,7
DA:132,2
DA:135,15
DA:136,5
DA:138,10
DA:139,10
DA:142,317
DA:146,332
DA:147,9
DA:148,9
DA:149,7
DA:151,2
DA:152,4
DA:153,1
DA:157,9
DA:158,1
DA:160,8
DA:161,8
DA:164,323
DA:167,332
LF:88
LH:88
BRDA:14,1,0,54
BRDA:14,1,1,1274
BRDA:15,2,0,40
BRDA:15,2,1,14
BRDA:15,3,0,54
BRDA:15,3,1,22
BRDA:31,4,0,117
BRDA:31,4,1,2871
BRDA:32,5,0,90
BRDA:32,5,1,27
BRDA:32,6,0,117
BRDA:32,6,1,45
BRDA:46,7,0,24
BRDA:46,7,1,972
BRDA:47,8,0,18
BRDA:47,8,1,6
BRDA:60,9,0,28
BRDA:60,9,1,636
BRDA:61,10,0,24
BRDA:61,10,1,4
BRDA:61,11,0,28
BRDA:61,11,1,12
BRDA:72,12,0,15
BRDA:72,12,1,317
BRDA:74,13,0,8
BRDA:74,13,1,7
BRDA:78,14,0,6
BRDA:78,14,1,1
BRDA:79,15,0,4
BRDA:79,15,1,2
BRDA:84,16,0,12
BRDA:84,16,1,3
BRDA:99,17,0,29
BRDA:99,17,1,635
BRDA:101,18,0,23
BRDA:101,18,1,6
BRDA:101,19,0,29
BRDA:101,19,1,10
BRDA:113,20,0,12
BRDA:113,20,1,320
BRDA:114,21,0,10
BRDA:114,21,1,2
BRDA:114,22,0,12
BRDA:114,22,1,4
BRDA:125,23,0,15
BRDA:125,23,1,317
BRDA:127,24,0,8
BRDA:127,24,1,7
BRDA:131,25,0,2
BRDA:131,25,1,5
BRDA:135,26,0,5
BRDA:135,26,1,10
BRDA:146,27,0,9
BRDA:146,27,1,323
BRDA:148,28,0,7
BRDA:148,28,1,2
BRDA:152,29,0,1
BRDA:152,29,1,3
BRDA:157,30,0,1
BRDA:157,30,1,8
BRF:60
BRH:60
end_of_record
TN:
SF:/Users/chris/dev/nog/src/atomic/populate.js
FN:23,(anonymous_1)
FN:42,(anonymous_2)
FN:43,(anonymous_3)
FN:48,(anonymous_4)
FN:49,(anonymous_5)
FNF:5
FNH:5
FNDA:19,(anonymous_1)
FNDA:19,(anonymous_2)
FNDA:19,(anonymous_3)
FNDA:19,(anonymous_4)
FNDA:19,(anonymous_5)
DA:2,1
DA:4,1
DA:5,1
DA:6,1
DA:7,1
DA:8,1
DA:9,1
DA:10,1
DA:11,1
DA:12,1
DA:13,1
DA:14,1
DA:15,1
DA:16,1
DA:17,1
DA:18,1
DA:21,1
DA:23,1
DA:25,19
DA:26,19
DA:27,19
DA:28,19
DA:29,19
DA:30,19
DA:31,19
DA:32,19
DA:33,19
DA:34,19
DA:35,19
DA:36,19
DA:37,19
DA:38,19
DA:40,19
DA:43,19
DA:44,19
DA:45,19
DA:49,19
DA:50,19
DA:51,19
LF:39
LH:39
BRF:0
BRH:0
end_of_record
TN:
SF:/Users/chris/dev/nog/src/atomic/populate_all.js
FN:6,(anonymous_1)
FN:7,(anonymous_2)
FNF:2
FNH:2
FNDA:1,(anonymous_1)
FNDA:2,(anonymous_2)
DA:2,1
DA:4,1
DA:6,1
DA:7,1
DA:8,2
LF:5
LH:5
BRF:0
BRH:0
end_of_record
TN:
SF:/Users/chris/dev/nog/src/build/copy_assets.js
FN:15,(anonymous_1)
FN:22,(anonymous_2)
FN:25,(anonymous_3)
FN:30,(anonymous_4)
FN:34,(anonymous_5)
FN:45,(anonymous_6)
FNF:6
FNH:6
FNDA:1,(anonymous_1)
FNDA:1,(anonymous_2)
FNDA:1,(anonymous_3)
FNDA:1,(anonymous_4)
FNDA:1,(anonymous_5)
FNDA:1,(anonymous_6)
DA:2,1
DA:3,1
DA:4,1
DA:5,1
DA:6,1
DA:7,1
DA:8,1
DA:11,1
DA:12,1
DA:13,1
DA:15,1
DA:16,1
DA:17,1
DA:18,1
DA:19,1
DA:20,1
DA:23,1
DA:24,1
DA:25,1
DA:26,1
DA:27,1
DA:32,1
DA:35,1
DA:36,1
DA:37,1
DA:38,1
DA:39,1
DA:40,1
DA:46,1
DA:47,1
DA:50,1
LF:31
LH:31
BRDA:46,1,0,1
BRDA:46,1,1,0
BRF:2
BRH:1
end_of_record
TN:
SF:/Users/chris/dev/nog/src/utils/log.js
FN:1,(anonymous_1)
FN:5,(anonymous_2)
FNF:2
FNH:1
FNDA:0,(anonymous_1)
FNDA:4,(anonymous_2)
DA:1,1
DA:2,0
DA:3,0
DA:5,1
DA:6,4
DA:7,0
LF:6
LH:3
BRDA:6,1,0,0
BRDA:6,1,1,4
BRF:2
BRH:1
end_of_record
TN:
SF:/Users/chris/dev/nog/src/path/get_asset_uri.js
FN:7,(anonymous_1)
FNF:1
FNH:1
FNDA:5,(anonymous_1)
DA:2,1
DA:5,1
DA:7,1
DA:8,5
DA:9,5
DA:10,5
DA:12,5
DA:13,3
DA:15,5
DA:16,1
DA:18,5
LF:11
LH:11
BRDA:12,1,0,3
BRDA:12,1,1,2
BRDA:15,2,0,1
BRDA:15,2,1,4
BRDA:15,3,0,5
BRDA:15,3,1,2
BRF:6
BRH:6
end_of_record
TN:
SF:/Users/chris/dev/nog/src/content/get_output_path.js
FN:4,(anonymous_1)
FNF:1
FNH:1
FNDA:24,(anonymous_1)
DA:2,1
DA:4,1
DA:5,24
DA:6,24
DA:7,22
DA:9,2
DA:13,24
DA:14,24
DA:15,12
DA:16,6
DA:19,24
LF:11
LH:11
BRDA:6,1,0,22
BRDA:6,1,1,2
BRDA:14,2,0,12
BRDA:14,2,1,12
BRDA:15,3,0,6
BRDA:15,3,1,6
BRF:6
BRH:6
end_of_record
TN:
SF:/Users/chris/dev/nog/src/pluggable/clear_require_cache.js
FN:6,(anonymous_1)
FN:8,(anonymous_2)
FN:10,(anonymous_3)
FNF:3
FNH:3
FNDA:1,(anonymous_1)
FNDA:1,(anonymous_2)
FNDA:1,(anonymous_3)
DA:2,1
DA:3,1
DA:4,1
DA:6,1
DA:7,1
DA:8,1
DA:10,1
DA:11,1
DA:14,1
LF:9
LH:9
BRF:0
BRH:0
end_of_record
TN:
SF:/Users/chris/dev/nog/src/pluggable/require_pluggable.js
FN:5,(anonymous_1)
FN:8,(anonymous_2)
FNF:2
FNH:2
FNDA:4,(anonymous_1)
FNDA:4,(anonymous_2)
DA:2,1
DA:3,1
DA:5,1
DA:7,4
DA:8,4
DA:9,4
DA:10,4
DA:11,4
DA:12,3
DA:13,3
DA:15,1
DA:16,1
DA:20,4
LF:13
LH:13
BRDA:11,1,0,3
BRDA:11,1,1,1
BRF:2
BRH:2
end_of_record
